[17Sep2022 00:00:02.899] [Server thread/INFO] [Portal/]: Server performance level: medium
[17Sep2022 00:00:22.944] [Server thread/INFO] [Portal/]: Server performance level: good
[17Sep2022 00:01:03.033] [Server thread/INFO] [Portal/]: Server performance level: medium
[17Sep2022 00:01:04.088] [Server thread/INFO] [net.minecraft.server.dedicated.DedicatedServer/]: MrOmap has made the advancement [Build the Mine]
[17Sep2022 00:01:23.044] [Server thread/INFO] [Portal/]: Server performance level: good
[17Sep2022 00:03:03.163] [Server thread/INFO] [Portal/]: Server performance level: medium
[17Sep2022 00:03:23.180] [Server thread/INFO] [Portal/]: Server performance level: good
[17Sep2022 00:04:39.435] [Server thread/INFO] [net.minecraftforge.common.AdvancementLoadFix/]: Using new advancement loading for net.minecraft.server.PlayerAdvancements@66c8961a
[17Sep2022 00:04:39.473] [Server thread/INFO] [net.minecraft.server.players.PlayerList/]: KiritosDesu[/95.160.159.44:19652] logged in with entity id 7526 at (89.85300071870006, 63.0, 309.5331906342888)
[17Sep2022 00:04:39.475] [Server thread/INFO] [ModdingLegacy/blue_skies/]: Sending ToolHandleTypeManager to KiritosDesu
[17Sep2022 00:04:39.476] [Server thread/INFO] [ModdingLegacy/blue_skies/]: Sending SnowcapOvenFreezingManager to KiritosDesu
[17Sep2022 00:04:39.476] [Server thread/INFO] [ModdingLegacy/blue_skies/]: Sending HorizoniteForgeFuelManager to KiritosDesu
[17Sep2022 00:04:39.476] [Server thread/INFO] [ModdingLegacy/blue_skies/]: Sending AlchemyRecipeManager to KiritosDesu
[17Sep2022 00:04:39.479] [Server thread/INFO] [ModdingLegacy/blue_skies/]: Sending JournalEntryManager to KiritosDesu
[17Sep2022 00:04:39.483] [Server thread/INFO] [ModdingLegacy/blue_skies/]: Sending JournalSectionManager to KiritosDesu
[17Sep2022 00:04:39.484] [Server thread/INFO] [ModdingLegacy/blue_skies/]: Sending JournalRequirementManager to KiritosDesu
[17Sep2022 00:04:39.527] [Server thread/INFO] [net.minecraft.server.dedicated.DedicatedServer/]: KiritosDesu joined the game
[17Sep2022 00:04:39.561] [Server thread/INFO] [Waila/]: Syncing config to KiritosDesu (a47396e5-d5e8-35a3-8f46-7e73c8ad4653)
[17Sep2022 00:04:43.261] [Server thread/INFO] [Portal/]: Server performance level: medium
[17Sep2022 00:05:13.567] [Server thread/INFO] [net.minecraft.server.dedicated.DedicatedServer/]: <KiritosDesu> о лол
[17Sep2022 00:05:16.688] [Server thread/INFO] [net.minecraft.server.dedicated.DedicatedServer/]: <KiritosDesu> лвл вернуло
[17Sep2022 00:05:19.018] [Server thread/WARN] [net.minecraft.server.MinecraftServer/]: Can't keep up! Is the server overloaded? Running 2014ms or 40 ticks behind
[17Sep2022 00:05:21.390] [Server thread/INFO] [net.minecraft.server.dedicated.DedicatedServer/]: <KiritosDesu> походу багается отображение
[17Sep2022 00:05:37.174] [Server thread/WARN] [net.minecraft.server.MinecraftServer/]: Can't keep up! Is the server overloaded? Running 3170ms or 63 ticks behind
[17Sep2022 00:06:03.367] [Server thread/WARN] [net.minecraft.server.MinecraftServer/]: Can't keep up! Is the server overloaded? Running 2013ms or 40 ticks behind
[17Sep2022 00:06:41.351] [Server thread/WARN] [net.minecraft.server.MinecraftServer/]: Can't keep up! Is the server overloaded? Running 2047ms or 40 ticks behind
[17Sep2022 00:07:00.379] [Server thread/WARN] [net.minecraft.server.MinecraftServer/]: Can't keep up! Is the server overloaded? Running 4076ms or 81 ticks behind
[17Sep2022 00:07:24.291] [Server thread/WARN] [net.minecraft.server.MinecraftServer/]: Can't keep up! Is the server overloaded? Running 2787ms or 55 ticks behind
[17Sep2022 00:07:24.351] [Server thread/INFO] [Portal/]: Server performance level: bad
[17Sep2022 00:07:44.386] [Server thread/INFO] [Portal/]: Server performance level: medium
[17Sep2022 00:08:19.479] [Server thread/WARN] [net.minecraft.server.MinecraftServer/]: Can't keep up! Is the server overloaded? Running 2025ms or 40 ticks behind
[17Sep2022 00:09:03.055] [Server thread/WARN] [net.minecraft.server.MinecraftServer/]: Can't keep up! Is the server overloaded? Running 2002ms or 40 ticks behind
[17Sep2022 00:10:04.829] [Server thread/WARN] [net.minecraft.server.MinecraftServer/]: Can't keep up! Is the server overloaded? Running 2025ms or 40 ticks behind
[17Sep2022 00:10:43.165] [Server thread/WARN] [net.minecraft.server.MinecraftServer/]: Can't keep up! Is the server overloaded? Running 2011ms or 40 ticks behind
[17Sep2022 00:11:03.185] [Server thread/WARN] [net.minecraft.server.MinecraftServer/]: Can't keep up! Is the server overloaded? Running 5031ms or 100 ticks behind
[17Sep2022 00:11:24.372] [Server thread/WARN] [net.minecraft.server.MinecraftServer/]: Can't keep up! Is the server overloaded? Running 2019ms or 40 ticks behind
[17Sep2022 00:11:42.858] [Server thread/WARN] [net.minecraft.server.MinecraftServer/]: Can't keep up! Is the server overloaded? Running 2154ms or 43 ticks behind
[17Sep2022 00:12:01.609] [Server thread/WARN] [net.minecraft.server.MinecraftServer/]: Can't keep up! Is the server overloaded? Running 3756ms or 75 ticks behind
[17Sep2022 00:12:19.808] [Server thread/WARN] [net.minecraft.server.MinecraftServer/]: Can't keep up! Is the server overloaded? Running 3204ms or 64 ticks behind
[17Sep2022 00:12:43.608] [Server thread/WARN] [net.minecraft.server.MinecraftServer/]: Can't keep up! Is the server overloaded? Running 2005ms or 40 ticks behind
[17Sep2022 00:13:00.767] [Server thread/WARN] [net.minecraft.server.MinecraftServer/]: Can't keep up! Is the server overloaded? Running 2163ms or 43 ticks behind
[17Sep2022 00:13:29.308] [Server thread/WARN] [net.minecraft.server.MinecraftServer/]: Can't keep up! Is the server overloaded? Running 2004ms or 40 ticks behind
[17Sep2022 00:13:59.105] [Server thread/WARN] [net.minecraft.server.MinecraftServer/]: Can't keep up! Is the server overloaded? Running 2002ms or 40 ticks behind
[17Sep2022 00:14:01.175] [Server thread/INFO] [net.minecraft.server.network.ServerGamePacketListenerImpl/]: KiritosDesu lost connection: Disconnected
[17Sep2022 00:14:01.176] [Server thread/INFO] [net.minecraft.server.dedicated.DedicatedServer/]: KiritosDesu left the game
[17Sep2022 00:14:08.420] [Server thread/INFO] [net.minecraftforge.common.AdvancementLoadFix/]: Using new advancement loading for net.minecraft.server.PlayerAdvancements@77f51570
[17Sep2022 00:14:08.474] [Server thread/INFO] [net.minecraft.server.players.PlayerList/]: KiritosDesu[/95.160.159.44:38475] logged in with entity id 10665 at (9.58672672882457, 35.0, 55.41397641429656)
[17Sep2022 00:14:08.477] [Server thread/INFO] [ModdingLegacy/blue_skies/]: Sending ToolHandleTypeManager to KiritosDesu
[17Sep2022 00:14:08.478] [Server thread/INFO] [ModdingLegacy/blue_skies/]: Sending SnowcapOvenFreezingManager to KiritosDesu
[17Sep2022 00:14:08.478] [Server thread/INFO] [ModdingLegacy/blue_skies/]: Sending HorizoniteForgeFuelManager to KiritosDesu
[17Sep2022 00:14:08.479] [Server thread/INFO] [ModdingLegacy/blue_skies/]: Sending AlchemyRecipeManager to KiritosDesu
[17Sep2022 00:14:08.482] [Server thread/INFO] [ModdingLegacy/blue_skies/]: Sending JournalEntryManager to KiritosDesu
[17Sep2022 00:14:08.484] [Server thread/INFO] [ModdingLegacy/blue_skies/]: Sending JournalSectionManager to KiritosDesu
[17Sep2022 00:14:08.485] [Server thread/INFO] [ModdingLegacy/blue_skies/]: Sending JournalRequirementManager to KiritosDesu
[17Sep2022 00:14:08.509] [Server thread/INFO] [net.minecraft.server.dedicated.DedicatedServer/]: KiritosDesu joined the game
[17Sep2022 00:14:08.531] [Server thread/INFO] [Waila/]: Syncing config to KiritosDesu (a47396e5-d5e8-35a3-8f46-7e73c8ad4653)
[17Sep2022 00:14:17.827] [Server thread/WARN] [net.minecraft.server.MinecraftServer/]: Can't keep up! Is the server overloaded? Running 2024ms or 40 ticks behind
[17Sep2022 00:14:57.221] [Server thread/WARN] [net.minecraft.server.MinecraftServer/]: Can't keep up! Is the server overloaded? Running 2018ms or 40 ticks behind
[17Sep2022 00:15:15.459] [Server thread/WARN] [net.minecraft.server.MinecraftServer/]: Can't keep up! Is the server overloaded? Running 2005ms or 40 ticks behind
[17Sep2022 00:15:32.470] [Server thread/WARN] [net.minecraft.server.MinecraftServer/]: Can't keep up! Is the server overloaded? Running 2016ms or 40 ticks behind
[17Sep2022 00:15:55.810] [Server thread/WARN] [net.minecraft.server.MinecraftServer/]: Can't keep up! Is the server overloaded? Running 2006ms or 40 ticks behind
[17Sep2022 00:16:14.263] [Server thread/WARN] [net.minecraft.server.MinecraftServer/]: Can't keep up! Is the server overloaded? Running 3459ms or 69 ticks behind
[17Sep2022 00:16:42.072] [Server thread/WARN] [net.minecraft.server.MinecraftServer/]: Can't keep up! Is the server overloaded? Running 2068ms or 41 ticks behind
[17Sep2022 00:16:46.663] [Server thread/WARN] [net.minecraft.server.level.ServerPlayerGameMode/]: Mismatch in destroy block pos: BlockPos{x=73, y=8, z=0} BlockPos{x=78, y=11, z=0}
[17Sep2022 00:16:47.352] [Server thread/WARN] [net.minecraft.server.level.ServerPlayerGameMode/]: Mismatch in destroy block pos: BlockPos{x=73, y=8, z=0} BlockPos{x=79, y=12, z=0}
[17Sep2022 00:16:48.760] [Server thread/WARN] [net.minecraft.server.level.ServerPlayerGameMode/]: Mismatch in destroy block pos: BlockPos{x=73, y=8, z=0} BlockPos{x=81, y=14, z=0}
[17Sep2022 00:17:04.458] [Server thread/WARN] [net.minecraft.server.MinecraftServer/]: Can't keep up! Is the server overloaded? Running 2005ms or 40 ticks behind
[17Sep2022 00:17:21.484] [Server thread/WARN] [net.minecraft.server.MinecraftServer/]: Can't keep up! Is the server overloaded? Running 2030ms or 40 ticks behind
[17Sep2022 00:17:39.211] [Server thread/WARN] [net.minecraft.server.MinecraftServer/]: Can't keep up! Is the server overloaded? Running 2007ms or 40 ticks behind
[17Sep2022 00:17:56.248] [Server thread/WARN] [net.minecraft.server.MinecraftServer/]: Can't keep up! Is the server overloaded? Running 2044ms or 40 ticks behind
[17Sep2022 00:18:14.486] [Server thread/WARN] [net.minecraft.server.MinecraftServer/]: Can't keep up! Is the server overloaded? Running 3282ms or 65 ticks behind
[17Sep2022 00:19:22.405] [Server thread/WARN] [net.minecraft.server.MinecraftServer/]: Can't keep up! Is the server overloaded? Running 2001ms or 40 ticks behind
[17Sep2022 00:19:39.457] [Server thread/WARN] [net.minecraft.server.MinecraftServer/]: Can't keep up! Is the server overloaded? Running 2003ms or 40 ticks behind
[17Sep2022 00:19:57.905] [Server thread/WARN] [net.minecraft.server.MinecraftServer/]: Can't keep up! Is the server overloaded? Running 2001ms or 40 ticks behind
[17Sep2022 00:20:16.635] [Server thread/WARN] [net.minecraft.server.MinecraftServer/]: Can't keep up! Is the server overloaded? Running 3732ms or 74 ticks behind
[17Sep2022 00:20:30.088] [Server thread/INFO] [net.minecraft.server.network.ServerGamePacketListenerImpl/]: KiritosDesu lost connection: Disconnected
[17Sep2022 00:20:30.090] [Server thread/INFO] [net.minecraft.server.dedicated.DedicatedServer/]: KiritosDesu left the game
[17Sep2022 00:20:38.839] [Server thread/INFO] [net.minecraftforge.common.AdvancementLoadFix/]: Using new advancement loading for net.minecraft.server.PlayerAdvancements@546a9fb0
[17Sep2022 00:20:38.881] [Server thread/INFO] [net.minecraft.server.players.PlayerList/]: KiritosDesu[/95.160.159.44:38041] logged in with entity id 13272 at (80.95746126960401, 64.0, 298.2114991467767)
[17Sep2022 00:20:38.891] [Server thread/INFO] [ModdingLegacy/blue_skies/]: Sending ToolHandleTypeManager to KiritosDesu
[17Sep2022 00:20:38.892] [Server thread/INFO] [ModdingLegacy/blue_skies/]: Sending SnowcapOvenFreezingManager to KiritosDesu
[17Sep2022 00:20:38.892] [Server thread/INFO] [ModdingLegacy/blue_skies/]: Sending HorizoniteForgeFuelManager to KiritosDesu
[17Sep2022 00:20:38.892] [Server thread/INFO] [ModdingLegacy/blue_skies/]: Sending AlchemyRecipeManager to KiritosDesu
[17Sep2022 00:20:38.896] [Server thread/INFO] [ModdingLegacy/blue_skies/]: Sending JournalEntryManager to KiritosDesu
[17Sep2022 00:20:38.901] [Server thread/INFO] [ModdingLegacy/blue_skies/]: Sending JournalSectionManager to KiritosDesu
[17Sep2022 00:20:38.901] [Server thread/INFO] [ModdingLegacy/blue_skies/]: Sending JournalRequirementManager to KiritosDesu
[17Sep2022 00:20:38.939] [Server thread/INFO] [net.minecraft.server.dedicated.DedicatedServer/]: KiritosDesu joined the game
[17Sep2022 00:20:38.975] [Server thread/INFO] [Waila/]: Syncing config to KiritosDesu (a47396e5-d5e8-35a3-8f46-7e73c8ad4653)
[17Sep2022 00:20:53.486] [Server thread/WARN] [net.minecraft.server.MinecraftServer/]: Can't keep up! Is the server overloaded? Running 2033ms or 40 ticks behind
[17Sep2022 00:21:04.734] [Server thread/INFO] [net.minecraft.server.dedicated.DedicatedServer/]: <KiritosDesu> у тя есть шерсть?
[17Sep2022 00:21:12.075] [Server thread/INFO] [net.minecraft.server.dedicated.DedicatedServer/]: <MrOmap> овец много
[17Sep2022 00:21:12.317] [Server thread/WARN] [net.minecraft.server.MinecraftServer/]: Can't keep up! Is the server overloaded? Running 3863ms or 77 ticks behind
[17Sep2022 00:21:16.410] [Server thread/INFO] [net.minecraft.server.dedicated.DedicatedServer/]: <MrOmap> ток не убивай
[17Sep2022 00:21:18.188] [Server thread/INFO] [net.minecraft.server.dedicated.DedicatedServer/]: <KiritosDesu> ща захуярю бомжей
[17Sep2022 00:21:19.456] [Server thread/INFO] [net.minecraft.server.dedicated.DedicatedServer/]: <MrOmap> стриги
[17Sep2022 00:21:21.373] [Server thread/INFO] [net.minecraft.server.dedicated.DedicatedServer/]: <KiritosDesu> ок...
[17Sep2022 00:21:48.370] [Server thread/WARN] [net.minecraft.server.MinecraftServer/]: Can't keep up! Is the server overloaded? Running 2017ms or 40 ticks behind
[17Sep2022 00:22:06.418] [Server thread/WARN] [net.minecraft.server.MinecraftServer/]: Can't keep up! Is the server overloaded? Running 2014ms or 40 ticks behind
[17Sep2022 00:23:25.838] [Server thread/INFO] [Portal/]: Server performance level: good
[17Sep2022 00:24:05.928] [Server thread/INFO] [Portal/]: Server performance level: medium
[17Sep2022 00:24:25.943] [Server thread/INFO] [Portal/]: Server performance level: good
[17Sep2022 00:25:18.695] [Server thread/WARN] [net.minecraft.server.level.ServerEntity/]: Fetching packet for removed entity EntityCitizen['Collins B. Hampden'/13284, l='ServerWorld minecraft:overworld world', x=73.50, y=64.00, z=321.50, removed=DISCARDED]
[17Sep2022 00:25:26.033] [Server thread/INFO] [Portal/]: Server performance level: medium
[17Sep2022 00:25:28.828] [Server thread/WARN] [net.minecraft.server.MinecraftServer/]: Can't keep up! Is the server overloaded? Running 2025ms or 40 ticks behind
[17Sep2022 00:25:45.945] [Server thread/WARN] [net.minecraft.server.MinecraftServer/]: Can't keep up! Is the server overloaded? Running 2141ms or 42 ticks behind
[17Sep2022 00:26:11.364] [Server thread/WARN] [net.minecraft.server.MinecraftServer/]: Can't keep up! Is the server overloaded? Running 2010ms or 40 ticks behind
[17Sep2022 00:27:00.210] [Server thread/WARN] [net.minecraft.server.MinecraftServer/]: Can't keep up! Is the server overloaded? Running 2006ms or 40 ticks behind
[17Sep2022 00:27:00.311] [Server thread/INFO] [minecolonies/]: Colony 1 - new AbstractBuilding for class net.minecraft.world.level.block.state.BlockState at BlockPos{x=11, y=70, z=-111}
[17Sep2022 00:27:33.859] [Server thread/WARN] [net.minecraft.server.MinecraftServer/]: Can't keep up! Is the server overloaded? Running 2005ms or 40 ticks behind
[17Sep2022 00:27:55.480] [Server thread/INFO] [minecolonies/]: Colony 1 - removed AbstractBuilding BlockPos{x=11, y=70, z=-111} of type guardtower
[17Sep2022 00:27:55.482] [Server thread/INFO] [minecolonies.requestsystem.1/]: Removing provider: StandardToken{id=5f838653-767c-4257-8a02-8d82424fae49}
[17Sep2022 00:28:14.815] [Server thread/WARN] [net.minecraft.server.MinecraftServer/]: Can't keep up! Is the server overloaded? Running 2011ms or 40 ticks behind
[17Sep2022 00:28:32.627] [Server thread/WARN] [net.minecraft.server.MinecraftServer/]: Can't keep up! Is the server overloaded? Running 2823ms or 56 ticks behind
[17Sep2022 00:28:51.581] [Server thread/WARN] [net.minecraft.server.MinecraftServer/]: Can't keep up! Is the server overloaded? Running 3977ms or 79 ticks behind
[17Sep2022 00:29:09.988] [Server thread/WARN] [net.minecraft.server.MinecraftServer/]: Can't keep up! Is the server overloaded? Running 3435ms or 68 ticks behind
[17Sep2022 00:29:36.409] [Server thread/WARN] [net.minecraft.server.MinecraftServer/]: Can't keep up! Is the server overloaded? Running 2005ms or 40 ticks behind
[17Sep2022 00:29:53.824] [Server thread/WARN] [net.minecraft.server.MinecraftServer/]: Can't keep up! Is the server overloaded? Running 2420ms or 48 ticks behind
[17Sep2022 00:30:18.717] [Server thread/WARN] [net.minecraft.server.MinecraftServer/]: Can't keep up! Is the server overloaded? Running 2013ms or 40 ticks behind
[17Sep2022 00:30:28.443] [Server thread/INFO] [minecolonies/]: Colony 1 - new AbstractBuilding for class net.minecraft.world.level.block.state.BlockState at BlockPos{x=11, y=70, z=-111}
[17Sep2022 00:30:57.505] [Server thread/WARN] [net.minecraft.server.MinecraftServer/]: Can't keep up! Is the server overloaded? Running 2001ms or 40 ticks behind
[17Sep2022 00:31:16.295] [Server thread/WARN] [net.minecraft.server.MinecraftServer/]: Can't keep up! Is the server overloaded? Running 3791ms or 75 ticks behind
[17Sep2022 00:32:00.461] [Server thread/WARN] [net.minecraft.server.MinecraftServer/]: Can't keep up! Is the server overloaded? Running 2007ms or 40 ticks behind
[17Sep2022 00:35:49.748] [Server thread/INFO] [net.minecraft.server.network.ServerGamePacketListenerImpl/]: KiritosDesu lost connection: Disconnected
[17Sep2022 00:35:49.752] [Server thread/INFO] [net.minecraft.server.dedicated.DedicatedServer/]: KiritosDesu left the game
[17Sep2022 00:36:06.891] [Server thread/INFO] [Portal/]: Server performance level: good
[17Sep2022 00:37:27.322] [Server thread/INFO] [net.minecraftforge.common.AdvancementLoadFix/]: Using new advancement loading for net.minecraft.server.PlayerAdvancements@7eafa902
[17Sep2022 00:37:27.356] [Server thread/INFO] [net.minecraft.server.players.PlayerList/]: KiritosDesu[/95.160.159.44:27461] logged in with entity id 18362 at (79.69091401919242, 11.0, 90.96380806102071)
[17Sep2022 00:37:27.358] [Server thread/INFO] [ModdingLegacy/blue_skies/]: Sending ToolHandleTypeManager to KiritosDesu
[17Sep2022 00:37:27.359] [Server thread/INFO] [ModdingLegacy/blue_skies/]: Sending SnowcapOvenFreezingManager to KiritosDesu
[17Sep2022 00:37:27.359] [Server thread/INFO] [ModdingLegacy/blue_skies/]: Sending HorizoniteForgeFuelManager to KiritosDesu
[17Sep2022 00:37:27.359] [Server thread/INFO] [ModdingLegacy/blue_skies/]: Sending AlchemyRecipeManager to KiritosDesu
[17Sep2022 00:37:27.362] [Server thread/INFO] [ModdingLegacy/blue_skies/]: Sending JournalEntryManager to KiritosDesu
[17Sep2022 00:37:27.367] [Server thread/INFO] [ModdingLegacy/blue_skies/]: Sending JournalSectionManager to KiritosDesu
[17Sep2022 00:37:27.367] [Server thread/INFO] [ModdingLegacy/blue_skies/]: Sending JournalRequirementManager to KiritosDesu
[17Sep2022 00:37:27.401] [Server thread/INFO] [net.minecraft.server.dedicated.DedicatedServer/]: KiritosDesu joined the game
[17Sep2022 00:37:27.440] [Server thread/INFO] [Waila/]: Syncing config to KiritosDesu (a47396e5-d5e8-35a3-8f46-7e73c8ad4653)
[17Sep2022 00:37:40.935] [Server thread/WARN] [net.minecraft.server.MinecraftServer/]: Can't keep up! Is the server overloaded? Running 2031ms or 40 ticks behind
[17Sep2022 00:37:47.010] [Server thread/INFO] [Portal/]: Server performance level: medium
[17Sep2022 00:40:12.793] [Server thread/INFO] [net.minecraft.server.dedicated.DedicatedServer/]: KiritosDesu burned to death
[17Sep2022 00:40:17.259] [Server thread/WARN] [net.minecraft.server.level.ServerEntity/]: Fetching packet for removed entity EntityCitizen['Collins B. Hampden'/13284, l='ServerWorld minecraft:overworld world', x=73.50, y=64.00, z=321.50, removed=DISCARDED]
[17Sep2022 00:40:52.465] [Server thread/WARN] [net.minecraft.server.MinecraftServer/]: Can't keep up! Is the server overloaded? Running 2011ms or 40 ticks behind
[17Sep2022 00:41:38.769] [Server thread/WARN] [net.minecraft.server.MinecraftServer/]: Can't keep up! Is the server overloaded? Running 2015ms or 40 ticks behind
[17Sep2022 00:42:03.685] [Server thread/WARN] [net.minecraft.server.MinecraftServer/]: Can't keep up! Is the server overloaded? Running 2031ms or 40 ticks behind
[17Sep2022 00:43:14.464] [Server thread/INFO] [net.minecraft.server.dedicated.DedicatedServer/]: <KiritosDesu> славься кип инвентори
[17Sep2022 00:43:31.863] [Server thread/INFO] [net.minecraft.server.dedicated.DedicatedServer/]: <KiritosDesu> ебать в аду горишь сутками, хуй потушишься
[17Sep2022 00:43:50.748] [Server thread/WARN] [net.minecraft.server.MinecraftServer/]: Can't keep up! Is the server overloaded? Running 2044ms or 40 ticks behind
[17Sep2022 00:44:08.990] [Server thread/WARN] [net.minecraft.server.MinecraftServer/]: Can't keep up! Is the server overloaded? Running 3286ms or 65 ticks behind
[17Sep2022 00:44:44.355] [Server thread/WARN] [net.minecraft.server.MinecraftServer/]: Can't keep up! Is the server overloaded? Running 2002ms or 40 ticks behind
[17Sep2022 00:45:05.208] [Server thread/WARN] [net.minecraft.server.MinecraftServer/]: Can't keep up! Is the server overloaded? Running 2005ms or 40 ticks behind
[17Sep2022 00:45:29.166] [Server thread/INFO] [minecolonies/]: Colony 1 - new AbstractBuilding for class net.minecraft.world.level.block.state.BlockState at BlockPos{x=-6, y=68, z=-134}
[17Sep2022 00:45:52.160] [Server thread/WARN] [net.minecraft.server.MinecraftServer/]: Can't keep up! Is the server overloaded? Running 2007ms or 40 ticks behind
[17Sep2022 00:47:04.454] [Server thread/WARN] [net.minecraft.server.MinecraftServer/]: Can't keep up! Is the server overloaded? Running 2001ms or 40 ticks behind
[17Sep2022 00:48:27.786] [Server thread/INFO] [Portal/]: Server performance level: good
[17Sep2022 00:48:59.230] [Server thread/INFO] [net.minecraft.server.dedicated.DedicatedServer/]: <KiritosDesu> ахахха
[17Sep2022 00:49:01.436] [Server thread/INFO] [net.minecraft.server.dedicated.DedicatedServer/]: <KiritosDesu> шлем сломал
[17Sep2022 00:49:05.440] [Server thread/INFO] [net.minecraft.server.dedicated.DedicatedServer/]: <MrOmap> сука
[17Sep2022 00:49:07.683] [Server thread/INFO] [net.minecraft.server.dedicated.DedicatedServer/]: <KiritosDesu> ахзахзвазваз
[17Sep2022 00:49:08.879] [Server thread/INFO] [net.minecraft.server.dedicated.DedicatedServer/]: <MrOmap> кепку верни
[17Sep2022 00:49:36.933] [Server thread/WARN] [net.minecraft.server.level.ServerEntity/]: Fetching packet for removed entity EntityCitizen['Collins B. Hampden'/13284, l='ServerWorld minecraft:overworld world', x=73.50, y=64.00, z=321.50, removed=DISCARDED]
[17Sep2022 00:49:47.934] [Server thread/INFO] [Portal/]: Server performance level: medium
[17Sep2022 00:49:53.464] [Server thread/WARN] [net.minecraft.server.MinecraftServer/]: Can't keep up! Is the server overloaded? Running 2210ms or 44 ticks behind
[17Sep2022 00:50:08.808] [Server thread/INFO] [net.minecraft.server.dedicated.DedicatedServer/]: <KiritosDesu> ладно, я спать наверное
[17Sep2022 00:50:11.697] [Server thread/WARN] [net.minecraft.server.MinecraftServer/]: Can't keep up! Is the server overloaded? Running 3243ms or 64 ticks behind
[17Sep2022 00:50:12.492] [Server thread/INFO] [net.minecraft.server.dedicated.DedicatedServer/]: <KiritosDesu> лучше утром поиграю
[17Sep2022 00:50:13.378] [Server thread/INFO] [net.minecraft.server.dedicated.DedicatedServer/]: <MrOmap> давай
[17Sep2022 00:50:16.105] [Server thread/INFO] [net.minecraft.server.dedicated.DedicatedServer/]: <KiritosDesu> споки
[17Sep2022 00:50:22.725] [Server thread/INFO] [net.minecraft.server.dedicated.DedicatedServer/]: <MrOmap> спок
[17Sep2022 00:50:24.982] [Server thread/INFO] [net.minecraft.server.network.ServerGamePacketListenerImpl/]: KiritosDesu lost connection: Disconnected
[17Sep2022 00:50:24.984] [Server thread/INFO] [net.minecraft.server.dedicated.DedicatedServer/]: KiritosDesu left the game
[17Sep2022 00:50:27.988] [Server thread/INFO] [Portal/]: Server performance level: good
[17Sep2022 00:58:10.831] [Server thread/INFO] [net.minecraft.server.network.ServerGamePacketListenerImpl/]: MrOmap lost connection: Disconnected
[17Sep2022 00:58:10.835] [Server thread/INFO] [net.minecraft.server.dedicated.DedicatedServer/]: MrOmap left the game
[17Sep2022 10:22:12.520] [Server thread/INFO] [net.minecraftforge.common.AdvancementLoadFix/]: Using new advancement loading for net.minecraft.server.PlayerAdvancements@558323a8
[17Sep2022 10:22:12.772] [Server thread/INFO] [net.minecraft.server.players.PlayerList/]: KiritosDesu[/95.160.159.44:22652] logged in with entity id 24205 at (73.45781540313907, 62.0, 257.30000001192093)
[17Sep2022 10:22:12.790] [Server thread/INFO] [ModdingLegacy/blue_skies/]: Sending ToolHandleTypeManager to KiritosDesu
[17Sep2022 10:22:12.793] [Server thread/INFO] [ModdingLegacy/blue_skies/]: Sending SnowcapOvenFreezingManager to KiritosDesu
[17Sep2022 10:22:12.794] [Server thread/INFO] [ModdingLegacy/blue_skies/]: Sending HorizoniteForgeFuelManager to KiritosDesu
[17Sep2022 10:22:12.794] [Server thread/INFO] [ModdingLegacy/blue_skies/]: Sending AlchemyRecipeManager to KiritosDesu
[17Sep2022 10:22:12.803] [Server thread/INFO] [ModdingLegacy/blue_skies/]: Sending JournalEntryManager to KiritosDesu
[17Sep2022 10:22:12.810] [Server thread/INFO] [ModdingLegacy/blue_skies/]: Sending JournalSectionManager to KiritosDesu
[17Sep2022 10:22:12.810] [Server thread/INFO] [ModdingLegacy/blue_skies/]: Sending JournalRequirementManager to KiritosDesu
[17Sep2022 10:22:13.060] [Server thread/INFO] [net.minecraft.server.dedicated.DedicatedServer/]: KiritosDesu joined the game
[17Sep2022 10:22:13.150] [Server thread/INFO] [Waila/]: Syncing config to KiritosDesu (a47396e5-d5e8-35a3-8f46-7e73c8ad4653)
[17Sep2022 10:22:14.812] [Server thread/WARN] [net.minecraft.server.level.ServerEntity/]: Fetching packet for removed entity EntityCitizen['Collins B. Hampden'/13284, l='ServerWorld minecraft:overworld world', x=73.50, y=64.00, z=321.50, removed=DISCARDED]
[17Sep2022 10:22:15.113] [Server thread/WARN] [net.minecraft.server.MinecraftServer/]: Can't keep up! Is the server overloaded? Running 2008ms or 40 ticks behind
[17Sep2022 10:22:34.148] [Server thread/WARN] [net.minecraft.server.MinecraftServer/]: Can't keep up! Is the server overloaded? Running 4044ms or 80 ticks behind
[17Sep2022 10:22:38.177] [Server thread/INFO] [Portal/]: Server performance level: medium
[17Sep2022 10:22:58.181] [Server thread/INFO] [Portal/]: Server performance level: good
[17Sep2022 10:23:58.237] [Server thread/INFO] [Portal/]: Server performance level: medium
[17Sep2022 10:24:18.286] [Server thread/INFO] [Portal/]: Server performance level: good
[17Sep2022 10:24:38.289] [Server thread/INFO] [Portal/]: Server performance level: medium
[17Sep2022 10:25:38.524] [Server thread/INFO] [Portal/]: Server performance level: good
[17Sep2022 10:26:18.541] [Server thread/INFO] [Portal/]: Server performance level: medium
[17Sep2022 10:26:38.541] [Server thread/INFO] [Portal/]: Server performance level: good
[17Sep2022 10:27:18.625] [Server thread/INFO] [Portal/]: Server performance level: medium
[17Sep2022 10:27:38.643] [Server thread/INFO] [Portal/]: Server performance level: good
[17Sep2022 10:31:19.075] [Server thread/INFO] [Portal/]: Server performance level: medium
[17Sep2022 10:31:51.239] [Server thread/WARN] [net.minecraft.server.level.ServerPlayerGameMode/]: Mismatch in destroy block pos: BlockPos{x=583, y=11, z=-48} BlockPos{x=584, y=11, z=-48}
[17Sep2022 10:32:19.181] [Server thread/INFO] [Portal/]: Server performance level: good
[17Sep2022 10:34:39.349] [Server thread/INFO] [Portal/]: Server performance level: medium
[17Sep2022 10:34:59.396] [Server thread/INFO] [Portal/]: Server performance level: good
[17Sep2022 10:36:19.539] [Server thread/INFO] [Portal/]: Server performance level: medium
[17Sep2022 10:36:39.544] [Server thread/INFO] [Portal/]: Server performance level: good
[17Sep2022 10:39:39.774] [Server thread/INFO] [Portal/]: Server performance level: medium
[17Sep2022 10:40:39.834] [Server thread/INFO] [Portal/]: Server performance level: good
[17Sep2022 10:44:00.107] [Server thread/INFO] [Portal/]: Server performance level: medium
[17Sep2022 10:44:20.131] [Server thread/INFO] [Portal/]: Server performance level: good
[17Sep2022 10:57:01.018] [Server thread/INFO] [Portal/]: Server performance level: medium
[17Sep2022 10:58:41.248] [Server thread/WARN] [net.minecraft.server.MinecraftServer/]: Can't keep up! Is the server overloaded? Running 2045ms or 40 ticks behind
[17Sep2022 10:59:23.891] [Server thread/INFO] [net.minecraft.server.dedicated.DedicatedServer/]: KiritosDesu has made the advancement [Arghh, Where be Me Ship?]
[17Sep2022 11:00:57.360] [Server thread/INFO] [net.minecraft.server.dedicated.DedicatedServer/]: KiritosDesu has reached the goal [Earthslime Island]
[17Sep2022 11:00:59.538] [Server thread/WARN] [net.minecraft.server.network.ServerGamePacketListenerImpl/]: Boat (vehicle of KiritosDesu) moved wrongly! 0.4174119544941277
[17Sep2022 11:00:59.551] [Server thread/WARN] [net.minecraft.server.network.ServerGamePacketListenerImpl/]: Boat (vehicle of KiritosDesu) moved wrongly! 0.737331864327416
[17Sep2022 11:00:59.602] [Server thread/WARN] [net.minecraft.server.network.ServerGamePacketListenerImpl/]: Boat (vehicle of KiritosDesu) moved wrongly! 1.0242538906852587
[17Sep2022 11:02:32.803] [Server thread/WARN] [net.minecraft.server.level.ServerPlayerGameMode/]: Mismatch in destroy block pos: BlockPos{x=698, y=66, z=1191} BlockPos{x=697, y=66, z=1191}
[17Sep2022 11:07:27.911] [Server thread/WARN] [net.minecraft.server.level.ServerEntity/]: Fetching packet for removed entity EntityCitizen['Collins B. Hampden'/13284, l='ServerWorld minecraft:overworld world', x=73.50, y=64.00, z=321.50, removed=DISCARDED]
[17Sep2022 11:23:37.846] [Server thread/WARN] [net.minecraft.server.level.ServerPlayerGameMode/]: Mismatch in destroy block pos: BlockPos{x=95, y=14, z=41} BlockPos{x=94, y=13, z=41}
[17Sep2022 11:23:37.894] [Server thread/WARN] [net.minecraft.server.level.ServerPlayerGameMode/]: Mismatch in destroy block pos: BlockPos{x=95, y=14, z=41} BlockPos{x=94, y=13, z=41}
[17Sep2022 11:23:37.946] [Server thread/WARN] [net.minecraft.server.level.ServerPlayerGameMode/]: Mismatch in destroy block pos: BlockPos{x=95, y=14, z=41} BlockPos{x=94, y=13, z=41}
[17Sep2022 11:23:37.996] [Server thread/WARN] [net.minecraft.server.level.ServerPlayerGameMode/]: Mismatch in destroy block pos: BlockPos{x=95, y=14, z=41} BlockPos{x=94, y=13, z=41}
[17Sep2022 11:23:38.046] [Server thread/WARN] [net.minecraft.server.level.ServerPlayerGameMode/]: Mismatch in destroy block pos: BlockPos{x=95, y=14, z=41} BlockPos{x=94, y=13, z=41}
[17Sep2022 11:30:44.990] [Server thread/WARN] [net.minecraft.server.level.ServerPlayerGameMode/]: Mismatch in destroy block pos: BlockPos{x=88, y=13, z=-175} BlockPos{x=89, y=13, z=-175}
[17Sep2022 11:30:45.027] [Server thread/WARN] [net.minecraft.server.level.ServerPlayerGameMode/]: Mismatch in destroy block pos: BlockPos{x=88, y=13, z=-175} BlockPos{x=89, y=13, z=-175}
[17Sep2022 11:30:45.085] [Server thread/WARN] [net.minecraft.server.level.ServerPlayerGameMode/]: Mismatch in destroy block pos: BlockPos{x=88, y=13, z=-175} BlockPos{x=89, y=13, z=-175}
[17Sep2022 11:30:45.132] [Server thread/WARN] [net.minecraft.server.level.ServerPlayerGameMode/]: Mismatch in destroy block pos: BlockPos{x=88, y=13, z=-175} BlockPos{x=89, y=13, z=-175}
[17Sep2022 11:31:57.784] [Server thread/WARN] [net.minecraft.server.level.ServerPlayerGameMode/]: Mismatch in destroy block pos: BlockPos{x=47, y=12, z=-230} BlockPos{x=46, y=12, z=-230}
[17Sep2022 11:31:57.846] [Server thread/WARN] [net.minecraft.server.level.ServerPlayerGameMode/]: Mismatch in destroy block pos: BlockPos{x=47, y=12, z=-230} BlockPos{x=46, y=12, z=-230}
[17Sep2022 11:31:57.907] [Server thread/WARN] [net.minecraft.server.level.ServerPlayerGameMode/]: Mismatch in destroy block pos: BlockPos{x=47, y=12, z=-230} BlockPos{x=46, y=12, z=-230}
[17Sep2022 11:31:57.914] [Server thread/WARN] [net.minecraft.server.level.ServerPlayerGameMode/]: Mismatch in destroy block pos: BlockPos{x=47, y=12, z=-230} BlockPos{x=46, y=12, z=-230}
[17Sep2022 11:32:24.301] [Server thread/WARN] [net.minecraft.server.level.ServerPlayerGameMode/]: Mismatch in destroy block pos: BlockPos{x=38, y=13, z=-211} BlockPos{x=38, y=12, z=-212}
[17Sep2022 11:32:24.348] [Server thread/WARN] [net.minecraft.server.level.ServerPlayerGameMode/]: Mismatch in destroy block pos: BlockPos{x=38, y=13, z=-211} BlockPos{x=38, y=12, z=-212}
[17Sep2022 11:32:24.488] [Server thread/WARN] [net.minecraft.server.level.ServerPlayerGameMode/]: Mismatch in destroy block pos: BlockPos{x=38, y=13, z=-211} BlockPos{x=38, y=12, z=-212}
[17Sep2022 11:32:24.489] [Server thread/WARN] [net.minecraft.server.level.ServerPlayerGameMode/]: Mismatch in destroy block pos: BlockPos{x=38, y=13, z=-211} BlockPos{x=38, y=12, z=-212}
[17Sep2022 11:36:24.299] [Server thread/WARN] [net.minecraft.server.level.ServerEntity/]: Fetching packet for removed entity EntityCitizen['Collins B. Hampden'/13284, l='ServerWorld minecraft:overworld world', x=73.50, y=64.00, z=321.50, removed=DISCARDED]
[17Sep2022 11:39:01.045] [Server thread/INFO] [net.minecraft.server.dedicated.DedicatedServer/]: KiritosDesu has completed the challenge [Cover Me in Debris]
[17Sep2022 11:41:15.787] [Server thread/INFO] [net.minecraft.world.entity.npc.Villager/]: Villager Villager['Armorer'/44146, l='ServerWorld minecraft:overworld world', x=177.71, y=67.00, z=288.75] died, message: 'Armorer was burnt to a crisp whilst fighting Zombie'
[17Sep2022 11:46:05.429] [Server thread/INFO] [net.minecraft.world.entity.LivingEntity/]: Named entity VisitorCitizen['Jaliyah X. Wallgreen'/45655, l='ServerWorld minecraft:overworld world', x=115.55, y=61.40, z=272.50] died: Jaliyah X. Wallgreen suffocated in a wall
[17Sep2022 11:46:13.129] [Server thread/WARN] [net.minecraft.server.level.ServerEntity/]: Fetching packet for removed entity EntityCitizen['Collins B. Hampden'/13284, l='ServerWorld minecraft:overworld world', x=73.50, y=64.00, z=321.50, removed=DISCARDED]
[17Sep2022 11:51:47.204] [Server thread/WARN] [net.minecraft.server.level.ServerEntity/]: Fetching packet for removed entity EntityCitizen['Collins B. Hampden'/13284, l='ServerWorld minecraft:overworld world', x=73.50, y=64.00, z=321.50, removed=DISCARDED]
[17Sep2022 11:52:07.144] [Server thread/WARN] [net.minecraft.server.level.ServerEntity/]: Fetching packet for removed entity EntityCitizen['Collins B. Hampden'/13284, l='ServerWorld minecraft:overworld world', x=73.50, y=64.00, z=321.50, removed=DISCARDED]
[17Sep2022 11:52:41.191] [Server thread/WARN] [net.minecraft.server.level.ServerEntity/]: Fetching packet for removed entity EntityCitizen['Collins B. Hampden'/13284, l='ServerWorld minecraft:overworld world', x=73.50, y=64.00, z=321.50, removed=DISCARDED]
[17Sep2022 11:54:49.128] [Server thread/WARN] [net.minecraft.server.level.ServerEntity/]: Fetching packet for removed entity EntityCitizen['Collins B. Hampden'/13284, l='ServerWorld minecraft:overworld world', x=73.50, y=64.00, z=321.50, removed=DISCARDED]
[17Sep2022 11:55:35.281] [Server thread/INFO] [net.minecraft.server.network.ServerGamePacketListenerImpl/]: KiritosDesu lost connection: Disconnected
[17Sep2022 11:55:35.286] [Server thread/INFO] [net.minecraft.server.dedicated.DedicatedServer/]: KiritosDesu left the game
[17Sep2022 12:15:15.146] [Server thread/INFO] [net.minecraftforge.common.AdvancementLoadFix/]: Using new advancement loading for net.minecraft.server.PlayerAdvancements@158c8bae
[17Sep2022 12:15:15.168] [Server thread/INFO] [net.minecraft.server.players.PlayerList/]: MrOmap[/37.215.103.47:58576] logged in with entity id 48225 at (-19.62255568679763, 75.0, -64.70114160960793)
[17Sep2022 12:15:15.177] [Server thread/INFO] [ModdingLegacy/blue_skies/]: Sending ToolHandleTypeManager to MrOmap
[17Sep2022 12:15:15.177] [Server thread/INFO] [ModdingLegacy/blue_skies/]: Sending SnowcapOvenFreezingManager to MrOmap
[17Sep2022 12:15:15.178] [Server thread/INFO] [ModdingLegacy/blue_skies/]: Sending HorizoniteForgeFuelManager to MrOmap
[17Sep2022 12:15:15.178] [Server thread/INFO] [ModdingLegacy/blue_skies/]: Sending AlchemyRecipeManager to MrOmap
[17Sep2022 12:15:15.179] [Server thread/INFO] [ModdingLegacy/blue_skies/]: Sending JournalEntryManager to MrOmap
[17Sep2022 12:15:15.181] [Server thread/INFO] [ModdingLegacy/blue_skies/]: Sending JournalSectionManager to MrOmap
[17Sep2022 12:15:15.182] [Server thread/INFO] [ModdingLegacy/blue_skies/]: Sending JournalRequirementManager to MrOmap
[17Sep2022 12:15:15.225] [Server thread/INFO] [net.minecraft.server.dedicated.DedicatedServer/]: MrOmap joined the game
[17Sep2022 12:15:15.242] [Server thread/INFO] [Waila/]: Syncing config to MrOmap (705cc4fd-7db5-3553-afa0-82defbc45fc7)
[17Sep2022 12:19:22.475] [Server thread/INFO] [net.minecraftforge.common.AdvancementLoadFix/]: Using new advancement loading for net.minecraft.server.PlayerAdvancements@2248e702
[17Sep2022 12:19:22.502] [Server thread/INFO] [net.minecraft.server.players.PlayerList/]: KiritosDesu[/95.160.159.44:51572] logged in with entity id 49237 at (81.9781339072066, 62.0, 266.69999998807907)
[17Sep2022 12:19:22.503] [Server thread/INFO] [ModdingLegacy/blue_skies/]: Sending ToolHandleTypeManager to KiritosDesu
[17Sep2022 12:19:22.504] [Server thread/INFO] [ModdingLegacy/blue_skies/]: Sending SnowcapOvenFreezingManager to KiritosDesu
[17Sep2022 12:19:22.504] [Server thread/INFO] [ModdingLegacy/blue_skies/]: Sending HorizoniteForgeFuelManager to KiritosDesu
[17Sep2022 12:19:22.504] [Server thread/INFO] [ModdingLegacy/blue_skies/]: Sending AlchemyRecipeManager to KiritosDesu
[17Sep2022 12:19:22.506] [Server thread/INFO] [ModdingLegacy/blue_skies/]: Sending JournalEntryManager to KiritosDesu
[17Sep2022 12:19:22.508] [Server thread/INFO] [ModdingLegacy/blue_skies/]: Sending JournalSectionManager to KiritosDesu
[17Sep2022 12:19:22.509] [Server thread/INFO] [ModdingLegacy/blue_skies/]: Sending JournalRequirementManager to KiritosDesu
[17Sep2022 12:19:22.551] [Server thread/INFO] [net.minecraft.server.dedicated.DedicatedServer/]: KiritosDesu joined the game
[17Sep2022 12:19:22.576] [Server thread/INFO] [Waila/]: Syncing config to KiritosDesu (a47396e5-d5e8-35a3-8f46-7e73c8ad4653)
[17Sep2022 12:19:23.789] [Server thread/WARN] [net.minecraft.server.level.ServerEntity/]: Fetching packet for removed entity EntityCitizen['Collins B. Hampden'/13284, l='ServerWorld minecraft:overworld world', x=73.50, y=64.00, z=321.50, removed=DISCARDED]
[17Sep2022 12:19:26.370] [Server thread/WARN] [net.minecraft.server.MinecraftServer/]: Can't keep up! Is the server overloaded? Running 2016ms or 40 ticks behind
[17Sep2022 12:19:45.607] [Server thread/INFO] [net.minecraft.server.dedicated.DedicatedServer/]: <MrOmap> дарова
[17Sep2022 12:19:48.815] [Server thread/INFO] [net.minecraft.server.dedicated.DedicatedServer/]: <KiritosDesu> ку
[17Sep2022 12:20:15.328] [Server thread/INFO] [net.minecraft.server.dedicated.DedicatedServer/]: <KiritosDesu> дис?
[17Sep2022 12:20:18.946] [Server thread/INFO] [net.minecraft.server.dedicated.DedicatedServer/]: <MrOmap> го
[17Sep2022 12:32:50.238] [Server thread/WARN] [net.minecraft.server.level.ServerEntity/]: Fetching packet for removed entity EntityCitizen['Collins B. Hampden'/13284, l='ServerWorld minecraft:overworld world', x=73.50, y=64.00, z=321.50, removed=DISCARDED]
[17Sep2022 12:33:00.532] [Server thread/WARN] [net.minecraft.server.MinecraftServer/]: Can't keep up! Is the server overloaded? Running 2078ms or 41 ticks behind
[17Sep2022 12:46:02.794] [Server thread/WARN] [net.minecraft.server.MinecraftServer/]: Can't keep up! Is the server overloaded? Running 2040ms or 40 ticks behind
[17Sep2022 12:47:03.395] [Server thread/INFO] [net.minecraftforge.common.AdvancementLoadFix/]: Using new advancement loading for net.minecraft.server.PlayerAdvancements@320454bf
[17Sep2022 12:56:31.169] [Server thread/WARN] [net.minecraft.server.MinecraftServer/]: Can't keep up! Is the server overloaded? Running 2015ms or 40 ticks behind
[17Sep2022 12:56:52.752] [Server thread/WARN] [net.minecraft.server.MinecraftServer/]: Can't keep up! Is the server overloaded? Running 6598ms or 131 ticks behind
[17Sep2022 12:57:13.548] [Server thread/WARN] [net.minecraft.server.MinecraftServer/]: Can't keep up! Is the server overloaded? Running 5844ms or 116 ticks behind
[17Sep2022 12:57:31.205] [Server thread/WARN] [net.minecraft.server.MinecraftServer/]: Can't keep up! Is the server overloaded? Running 2001ms or 40 ticks behind
[17Sep2022 12:57:38.955] [Server thread/INFO] [net.minecraft.server.dedicated.DedicatedServer/]: [MrOmap: Set the time to 1000]
[17Sep2022 12:57:48.330] [Server thread/WARN] [net.minecraft.server.MinecraftServer/]: Can't keep up! Is the server overloaded? Running 2126ms or 42 ticks behind
[17Sep2022 13:06:56.266] [Server thread/WARN] [net.minecraft.server.level.ServerEntity/]: Fetching packet for removed entity EntityCitizen['Collins B. Hampden'/13284, l='ServerWorld minecraft:overworld world', x=73.50, y=64.00, z=321.50, removed=DISCARDED]
[17Sep2022 13:11:14.297] [Server thread/INFO] [net.minecraft.server.dedicated.DedicatedServer/]: MrOmap has reached the goal [Level Up!]
[17Sep2022 13:11:14.300] [Server thread/INFO] [net.minecraft.server.dedicated.DedicatedServer/]: KiritosDesu has reached the goal [Level Up!]
[17Sep2022 13:14:41.164] [Server thread/INFO] [net.minecraft.server.dedicated.DedicatedServer/]: KiritosDesu has made the advancement [Ol' Betsy]
[17Sep2022 13:16:42.801] [Server thread/INFO] [net.minecraft.server.dedicated.DedicatedServer/]: [MrOmap: Set the weather to clear]
[17Sep2022 13:22:04.094] [Server thread/INFO] [net.minecraft.server.dedicated.DedicatedServer/]: [MrOmap: Set the weather to clear]
[17Sep2022 13:24:25.208] [Server thread/INFO] [Portal/]: Portal Generation Attempted minecraft:the_nether 9 37 43
[17Sep2022 13:24:26.054] [Server thread/INFO] [Portal/]: Portal Generation Attempted minecraft:the_nether 9 37 43
[17Sep2022 13:24:26.055] [Server thread/INFO] [Portal/]: Aborted Portal Generation Because Another Generation is Running Nearby
[17Sep2022 13:24:28.717] [Server thread/WARN] [net.minecraft.server.MinecraftServer/]: Can't keep up! Is the server overloaded? Running 2014ms or 40 ticks behind
[17Sep2022 13:24:47.306] [Server thread/INFO] [Portal/]: Generated Portal On Ground
[17Sep2022 13:24:47.379] [Server thread/WARN] [net.minecraft.server.level.ServerEntity/]: Fetching packet for removed entity EntityCitizen['Collins B. Hampden'/13284, l='ServerWorld minecraft:overworld world', x=73.50, y=64.00, z=321.50, removed=DISCARDED]
[17Sep2022 13:24:59.458] [Server thread/WARN] [net.minecraft.server.MinecraftServer/]: Can't keep up! Is the server overloaded? Running 2004ms or 40 ticks behind
[17Sep2022 13:26:32.984] [Server thread/WARN] [net.minecraft.server.MinecraftServer/]: Can't keep up! Is the server overloaded? Running 2031ms or 40 ticks behind
[17Sep2022 13:26:34.782] [Server thread/INFO] [net.minecraft.server.network.ServerGamePacketListenerImpl/]: KiritosDesu lost connection: Disconnected
[17Sep2022 13:26:34.783] [Server thread/INFO] [net.minecraft.server.dedicated.DedicatedServer/]: KiritosDesu left the game
[17Sep2022 13:27:11.935] [Server thread/INFO] [net.minecraft.server.dedicated.DedicatedServer/]: [MrOmap: Set the weather to clear]
[17Sep2022 13:32:51.286] [Server thread/INFO] [net.minecraftforge.common.AdvancementLoadFix/]: Using new advancement loading for net.minecraft.server.PlayerAdvancements@aa6c79f
[17Sep2022 13:32:51.328] [Server thread/INFO] [net.minecraft.server.players.PlayerList/]: KiritosDesu[/95.160.159.44:36254] logged in with entity id 74828 at (92.50703684749615, 63.0, 314.49887996923445)
[17Sep2022 13:32:51.332] [Server thread/INFO] [ModdingLegacy/blue_skies/]: Sending ToolHandleTypeManager to KiritosDesu
[17Sep2022 13:32:51.332] [Server thread/INFO] [ModdingLegacy/blue_skies/]: Sending SnowcapOvenFreezingManager to KiritosDesu
[17Sep2022 13:32:51.332] [Server thread/INFO] [ModdingLegacy/blue_skies/]: Sending HorizoniteForgeFuelManager to KiritosDesu
[17Sep2022 13:32:51.332] [Server thread/INFO] [ModdingLegacy/blue_skies/]: Sending AlchemyRecipeManager to KiritosDesu
[17Sep2022 13:32:51.334] [Server thread/INFO] [ModdingLegacy/blue_skies/]: Sending JournalEntryManager to KiritosDesu
[17Sep2022 13:32:51.336] [Server thread/INFO] [ModdingLegacy/blue_skies/]: Sending JournalSectionManager to KiritosDesu
[17Sep2022 13:32:51.336] [Server thread/INFO] [ModdingLegacy/blue_skies/]: Sending JournalRequirementManager to KiritosDesu
[17Sep2022 13:32:51.364] [Server thread/INFO] [net.minecraft.server.dedicated.DedicatedServer/]: KiritosDesu joined the game
[17Sep2022 13:32:51.381] [Server thread/INFO] [Waila/]: Syncing config to KiritosDesu (a47396e5-d5e8-35a3-8f46-7e73c8ad4653)
[17Sep2022 13:32:54.083] [Server thread/WARN] [net.minecraft.server.level.ServerEntity/]: Fetching packet for removed entity EntityCitizen['Collins B. Hampden'/13284, l='ServerWorld minecraft:overworld world', x=73.50, y=64.00, z=321.50, removed=DISCARDED]
[17Sep2022 13:32:58.454] [Server thread/WARN] [net.minecraft.server.MinecraftServer/]: Can't keep up! Is the server overloaded? Running 2001ms or 40 ticks behind
[17Sep2022 13:33:01.957] [Server thread/INFO] [net.minecraft.server.dedicated.DedicatedServer/]: [MrOmap: Set the weather to clear]
[17Sep2022 13:33:38.971] [Server thread/WARN] [net.minecraft.server.MinecraftServer/]: Can't keep up! Is the server overloaded? Running 2017ms or 40 ticks behind
[17Sep2022 13:34:20.513] [Server thread/WARN] [net.minecraft.server.MinecraftServer/]: Can't keep up! Is the server overloaded? Running 2009ms or 40 ticks behind
[17Sep2022 13:35:02.360] [Server thread/WARN] [net.minecraft.server.MinecraftServer/]: Can't keep up! Is the server overloaded? Running 2006ms or 40 ticks behind
[17Sep2022 13:35:30.086] [Server thread/WARN] [net.minecraft.server.MinecraftServer/]: Can't keep up! Is the server overloaded? Running 2032ms or 40 ticks behind
[17Sep2022 13:38:16.344] [Server thread/INFO] [net.minecraft.server.dedicated.DedicatedServer/]: [MrOmap: Set the weather to clear]
[17Sep2022 13:39:08.057] [Server thread/WARN] [net.minecraft.server.MinecraftServer/]: Can't keep up! Is the server overloaded? Running 2003ms or 40 ticks behind
[17Sep2022 13:40:01.387] [Server thread/WARN] [net.minecraft.server.MinecraftServer/]: Can't keep up! Is the server overloaded? Running 2033ms or 40 ticks behind
[17Sep2022 13:40:50.270] [Server thread/INFO] [net.minecraft.server.dedicated.DedicatedServer/]: [MrOmap: Set the time to 1000]
[17Sep2022 13:41:48.045] [Server thread/WARN] [net.minecraft.server.level.ServerPlayerGameMode/]: Mismatch in destroy block pos: BlockPos{x=21, y=55, z=265} BlockPos{x=20, y=54, z=265}
[17Sep2022 13:42:33.556] [Server thread/WARN] [net.minecraft.server.MinecraftServer/]: Can't keep up! Is the server overloaded? Running 2002ms or 40 ticks behind
[17Sep2022 13:43:00.701] [Server thread/WARN] [net.minecraft.server.MinecraftServer/]: Can't keep up! Is the server overloaded? Running 2047ms or 40 ticks behind
[17Sep2022 13:43:29.269] [Server thread/INFO] [net.minecraft.server.dedicated.DedicatedServer/]: [MrOmap: Set the weather to clear]
[17Sep2022 13:46:13.846] [Server thread/WARN] [net.minecraft.server.MinecraftServer/]: Can't keep up! Is the server overloaded? Running 2042ms or 40 ticks behind
[17Sep2022 13:47:42.131] [Server thread/WARN] [net.minecraft.server.MinecraftServer/]: Can't keep up! Is the server overloaded? Running 2027ms or 40 ticks behind
[17Sep2022 13:48:49.118] [Server thread/INFO] [net.minecraft.server.dedicated.DedicatedServer/]: [MrOmap: Set the weather to clear]
[17Sep2022 13:51:07.658] [Server thread/INFO] [net.minecraft.server.network.ServerGamePacketListenerImpl/]: KiritosDesu lost connection: Disconnected
[17Sep2022 13:51:07.661] [Server thread/INFO] [net.minecraft.server.dedicated.DedicatedServer/]: KiritosDesu left the game
[17Sep2022 14:25:52.892] [Server thread/INFO] [net.minecraft.server.dedicated.DedicatedServer/]: [MrOmap: Set the time to 1000]
[17Sep2022 14:27:17.962] [Server thread/INFO] [net.minecraftforge.common.AdvancementLoadFix/]: Using new advancement loading for net.minecraft.server.PlayerAdvancements@780ec4db
[17Sep2022 14:27:17.988] [Server thread/INFO] [net.minecraft.server.players.PlayerList/]: KiritosDesu[/95.160.159.44:41549] logged in with entity id 89421 at (117.60653118106148, 63.0, 289.96198397146804)
[17Sep2022 14:27:17.990] [Server thread/INFO] [ModdingLegacy/blue_skies/]: Sending ToolHandleTypeManager to KiritosDesu
[17Sep2022 14:27:17.990] [Server thread/INFO] [ModdingLegacy/blue_skies/]: Sending SnowcapOvenFreezingManager to KiritosDesu
[17Sep2022 14:27:17.991] [Server thread/INFO] [ModdingLegacy/blue_skies/]: Sending HorizoniteForgeFuelManager to KiritosDesu
[17Sep2022 14:27:17.991] [Server thread/INFO] [ModdingLegacy/blue_skies/]: Sending AlchemyRecipeManager to KiritosDesu
[17Sep2022 14:27:17.993] [Server thread/INFO] [ModdingLegacy/blue_skies/]: Sending JournalEntryManager to KiritosDesu
[17Sep2022 14:27:17.995] [Server thread/INFO] [ModdingLegacy/blue_skies/]: Sending JournalSectionManager to KiritosDesu
[17Sep2022 14:27:17.996] [Server thread/INFO] [ModdingLegacy/blue_skies/]: Sending JournalRequirementManager to KiritosDesu
[17Sep2022 14:27:18.023] [Server thread/INFO] [net.minecraft.server.dedicated.DedicatedServer/]: KiritosDesu joined the game
[17Sep2022 14:27:18.046] [Server thread/INFO] [Waila/]: Syncing config to KiritosDesu (a47396e5-d5e8-35a3-8f46-7e73c8ad4653)
[17Sep2022 14:27:19.791] [Server thread/WARN] [net.minecraft.server.level.ServerEntity/]: Fetching packet for removed entity EntityCitizen['Collins B. Hampden'/13284, l='ServerWorld minecraft:overworld world', x=73.50, y=64.00, z=321.50, removed=DISCARDED]
[17Sep2022 14:27:48.245] [Server thread/WARN] [net.minecraft.server.MinecraftServer/]: Can't keep up! Is the server overloaded? Running 2041ms or 40 ticks behind
[17Sep2022 14:28:46.162] [Server thread/WARN] [net.minecraft.server.MinecraftServer/]: Can't keep up! Is the server overloaded? Running 2209ms or 44 ticks behind
[17Sep2022 14:30:11.709] [Server thread/WARN] [net.minecraft.server.MinecraftServer/]: Can't keep up! Is the server overloaded? Running 2005ms or 40 ticks behind
[17Sep2022 14:39:21.959] [Server thread/WARN] [net.minecraft.server.MinecraftServer/]: Can't keep up! Is the server overloaded? Running 2006ms or 40 ticks behind
[17Sep2022 14:40:04.405] [Server thread/WARN] [net.minecraft.server.MinecraftServer/]: Can't keep up! Is the server overloaded? Running 2051ms or 41 ticks behind
[17Sep2022 14:43:26.567] [Server thread/WARN] [net.minecraft.server.MinecraftServer/]: Can't keep up! Is the server overloaded? Running 2013ms or 40 ticks behind
[17Sep2022 14:46:37.097] [Server thread/INFO] [net.minecraft.server.dedicated.DedicatedServer/]: [MrOmap: Set the time to 1000]
[17Sep2022 14:47:55.508] [Server thread/WARN] [net.minecraft.server.MinecraftServer/]: Can't keep up! Is the server overloaded? Running 2004ms or 40 ticks behind
[17Sep2022 14:56:10.240] [Server thread/WARN] [net.minecraft.server.MinecraftServer/]: Can't keep up! Is the server overloaded? Running 2036ms or 40 ticks behind
[17Sep2022 14:57:38.246] [Server thread/WARN] [net.minecraft.server.MinecraftServer/]: Can't keep up! Is the server overloaded? Running 2042ms or 40 ticks behind
[17Sep2022 14:58:49.656] [Server thread/WARN] [net.minecraft.server.MinecraftServer/]: Can't keep up! Is the server overloaded? Running 2002ms or 40 ticks behind
[17Sep2022 15:00:36.816] [Server thread/WARN] [net.minecraft.server.MinecraftServer/]: Can't keep up! Is the server overloaded? Running 2012ms or 40 ticks behind
[17Sep2022 15:04:19.561] [Server thread/WARN] [net.minecraft.server.MinecraftServer/]: Can't keep up! Is the server overloaded? Running 2007ms or 40 ticks behind
[17Sep2022 15:04:59.969] [Server thread/WARN] [net.minecraft.server.MinecraftServer/]: Can't keep up! Is the server overloaded? Running 2015ms or 40 ticks behind
[17Sep2022 15:06:03.905] [Server thread/WARN] [net.minecraft.server.MinecraftServer/]: Can't keep up! Is the server overloaded? Running 2001ms or 40 ticks behind
[17Sep2022 15:06:29.908] [Server thread/INFO] [net.minecraft.server.dedicated.DedicatedServer/]: [MrOmap: Set the time to 1000]
[17Sep2022 15:09:10.804] [Server thread/WARN] [net.minecraft.server.level.ServerPlayerGameMode/]: Mismatch in destroy block pos: BlockPos{x=20, y=49, z=269} BlockPos{x=20, y=47, z=269}
[17Sep2022 15:09:11.237] [Server thread/WARN] [net.minecraft.server.level.ServerPlayerGameMode/]: Mismatch in destroy block pos: BlockPos{x=20, y=49, z=269} BlockPos{x=20, y=48, z=269}
[17Sep2022 15:09:11.287] [Server thread/WARN] [net.minecraft.server.level.ServerPlayerGameMode/]: Mismatch in destroy block pos: BlockPos{x=20, y=49, z=268} BlockPos{x=20, y=48, z=269}
[17Sep2022 15:09:11.346] [Server thread/WARN] [net.minecraft.server.level.ServerPlayerGameMode/]: Mismatch in destroy block pos: BlockPos{x=20, y=48, z=268} BlockPos{x=20, y=48, z=269}
[17Sep2022 15:11:15.632] [Server thread/WARN] [net.minecraft.server.MinecraftServer/]: Can't keep up! Is the server overloaded? Running 2028ms or 40 ticks behind
[17Sep2022 15:14:40.317] [Server thread/WARN] [net.minecraft.server.MinecraftServer/]: Can't keep up! Is the server overloaded? Running 2013ms or 40 ticks behind
[17Sep2022 15:16:03.963] [Server thread/INFO] [net.minecraft.server.dedicated.DedicatedServer/]: [MrOmap: Set the time to 1000]
[17Sep2022 15:19:14.673] [Server thread/WARN] [net.minecraft.server.MinecraftServer/]: Can't keep up! Is the server overloaded? Running 2019ms or 40 ticks behind
[17Sep2022 15:21:38.549] [Server thread/WARN] [minecolonies/]: Current Level not set, resetting...
[17Sep2022 15:22:15.305] [Server thread/WARN] [net.minecraft.server.MinecraftServer/]: Can't keep up! Is the server overloaded? Running 2001ms or 40 ticks behind
[17Sep2022 15:23:12.916] [Server thread/INFO] [net.minecraft.server.network.ServerGamePacketListenerImpl/]: MrOmap lost connection: Disconnected
[17Sep2022 15:23:12.918] [Server thread/INFO] [net.minecraft.server.dedicated.DedicatedServer/]: MrOmap left the game
[17Sep2022 15:34:50.039] [Server thread/INFO] [net.minecraftforge.common.AdvancementLoadFix/]: Using new advancement loading for net.minecraft.server.PlayerAdvancements@466d49e3
[17Sep2022 15:34:50.059] [Server thread/ERROR] [net.minecraft.stats.ServerRecipeBook/]: Tried to load unrecognized recipe: dynamictrees:birch_seed_to_minecraft_birch_sapling removed now.
[17Sep2022 15:34:50.062] [Server thread/ERROR] [net.minecraft.stats.ServerRecipeBook/]: Tried to load unrecognized recipe: dynamictrees:birch_seed_to_minecraft_birch_sapling removed now.
[17Sep2022 15:34:50.064] [Server thread/INFO] [net.minecraft.server.players.PlayerList/]: MrOmap[/37.215.103.47:52691] logged in with entity id 112500 at (-47.63509354484526, 68.0, -21.373801276348413)
[17Sep2022 15:34:50.065] [Server thread/INFO] [ModdingLegacy/blue_skies/]: Sending ToolHandleTypeManager to MrOmap
[17Sep2022 15:34:50.066] [Server thread/INFO] [ModdingLegacy/blue_skies/]: Sending SnowcapOvenFreezingManager to MrOmap
[17Sep2022 15:34:50.066] [Server thread/INFO] [ModdingLegacy/blue_skies/]: Sending HorizoniteForgeFuelManager to MrOmap
[17Sep2022 15:34:50.066] [Server thread/INFO] [ModdingLegacy/blue_skies/]: Sending AlchemyRecipeManager to MrOmap
[17Sep2022 15:34:50.068] [Server thread/INFO] [ModdingLegacy/blue_skies/]: Sending JournalEntryManager to MrOmap
[17Sep2022 15:34:50.070] [Server thread/INFO] [ModdingLegacy/blue_skies/]: Sending JournalSectionManager to MrOmap
[17Sep2022 15:34:50.070] [Server thread/INFO] [ModdingLegacy/blue_skies/]: Sending JournalRequirementManager to MrOmap
[17Sep2022 15:34:50.099] [Server thread/INFO] [net.minecraft.server.dedicated.DedicatedServer/]: MrOmap joined the game
[17Sep2022 15:34:50.115] [Server thread/INFO] [Waila/]: Syncing config to MrOmap (705cc4fd-7db5-3553-afa0-82defbc45fc7)
[17Sep2022 15:34:58.559] [Server thread/WARN] [net.minecraft.server.MinecraftServer/]: Can't keep up! Is the server overloaded? Running 2005ms or 40 ticks behind
[17Sep2022 15:34:59.820] [Server thread/INFO] [net.minecraft.server.dedicated.DedicatedServer/]: <KiritosDesu> привет мр омаррр
[17Sep2022 15:35:16.119] [Server thread/WARN] [net.minecraft.server.MinecraftServer/]: Can't keep up! Is the server overloaded? Running 2566ms or 51 ticks behind
[17Sep2022 15:35:55.858] [Server thread/WARN] [net.minecraft.server.MinecraftServer/]: Can't keep up! Is the server overloaded? Running 2004ms or 40 ticks behind
[17Sep2022 15:36:15.262] [Server thread/WARN] [net.minecraft.server.MinecraftServer/]: Can't keep up! Is the server overloaded? Running 2008ms or 40 ticks behind
[17Sep2022 15:36:38.512] [Server thread/WARN] [net.minecraft.server.MinecraftServer/]: Can't keep up! Is the server overloaded? Running 2008ms or 40 ticks behind
[17Sep2022 15:36:55.734] [Server thread/WARN] [net.minecraft.server.MinecraftServer/]: Can't keep up! Is the server overloaded? Running 2230ms or 44 ticks behind
[17Sep2022 15:36:56.434] [Server thread/INFO] [net.minecraft.server.dedicated.DedicatedServer/]: [MrOmap: Set the time to 1000]
[17Sep2022 15:37:14.228] [Server thread/WARN] [net.minecraft.server.MinecraftServer/]: Can't keep up! Is the server overloaded? Running 3524ms or 70 ticks behind
[17Sep2022 15:37:32.538] [Server thread/WARN] [net.minecraft.server.MinecraftServer/]: Can't keep up! Is the server overloaded? Running 3335ms or 66 ticks behind
[17Sep2022 15:37:54.207] [Server thread/WARN] [net.minecraft.server.MinecraftServer/]: Can't keep up! Is the server overloaded? Running 6703ms or 134 ticks behind
[17Sep2022 15:38:13.010] [Server thread/WARN] [net.minecraft.server.MinecraftServer/]: Can't keep up! Is the server overloaded? Running 3806ms or 76 ticks behind
[17Sep2022 15:38:33.106] [Server thread/WARN] [net.minecraft.server.MinecraftServer/]: Can't keep up! Is the server overloaded? Running 5103ms or 102 ticks behind
[17Sep2022 15:38:52.832] [Server thread/WARN] [net.minecraft.server.MinecraftServer/]: Can't keep up! Is the server overloaded? Running 4728ms or 94 ticks behind
[17Sep2022 15:39:13.346] [Server thread/WARN] [net.minecraft.server.MinecraftServer/]: Can't keep up! Is the server overloaded? Running 5542ms or 110 ticks behind
[17Sep2022 15:39:34.465] [Server thread/WARN] [net.minecraft.server.MinecraftServer/]: Can't keep up! Is the server overloaded? Running 6161ms or 123 ticks behind
[17Sep2022 15:39:52.378] [Server thread/WARN] [net.minecraft.server.MinecraftServer/]: Can't keep up! Is the server overloaded? Running 2924ms or 58 ticks behind
[17Sep2022 15:40:11.616] [Server thread/WARN] [net.minecraft.server.MinecraftServer/]: Can't keep up! Is the server overloaded? Running 4263ms or 85 ticks behind
[17Sep2022 15:40:41.029] [Server thread/INFO] [net.minecraft.server.dedicated.DedicatedServer/]: [MrOmap: Set the weather to clear]
[17Sep2022 15:40:43.306] [Server thread/WARN] [net.minecraft.server.MinecraftServer/]: Can't keep up! Is the server overloaded? Running 2003ms or 40 ticks behind
[17Sep2022 15:41:06.169] [Server thread/WARN] [net.minecraft.server.MinecraftServer/]: Can't keep up! Is the server overloaded? Running 2015ms or 40 ticks behind
[17Sep2022 15:41:58.960] [Server thread/WARN] [net.minecraft.server.MinecraftServer/]: Can't keep up! Is the server overloaded? Running 2006ms or 40 ticks behind
[17Sep2022 15:42:16.114] [Server thread/WARN] [net.minecraft.server.MinecraftServer/]: Can't keep up! Is the server overloaded? Running 2160ms or 43 ticks behind
[17Sep2022 15:42:51.558] [Server thread/WARN] [net.minecraft.server.MinecraftServer/]: Can't keep up! Is the server overloaded? Running 2004ms or 40 ticks behind
[17Sep2022 15:43:00.650] [Server thread/INFO] [net.minecraft.server.dedicated.DedicatedServer/]: MrOmap has made the advancement [What a Deal!]
[17Sep2022 15:43:51.739] [Server thread/WARN] [net.minecraft.server.MinecraftServer/]: Can't keep up! Is the server overloaded? Running 2035ms or 40 ticks behind
[17Sep2022 15:44:37.715] [Server thread/WARN] [net.minecraft.server.MinecraftServer/]: Can't keep up! Is the server overloaded? Running 2012ms or 40 ticks behind
[17Sep2022 15:45:34.268] [Server thread/WARN] [net.minecraft.server.MinecraftServer/]: Can't keep up! Is the server overloaded? Running 2014ms or 40 ticks behind
[17Sep2022 15:46:06.306] [Server thread/WARN] [net.minecraft.server.MinecraftServer/]: Can't keep up! Is the server overloaded? Running 2002ms or 40 ticks behind
[17Sep2022 15:46:43.717] [Server thread/WARN] [net.minecraft.server.MinecraftServer/]: Can't keep up! Is the server overloaded? Running 2013ms or 40 ticks behind
[17Sep2022 15:47:02.176] [Server thread/WARN] [net.minecraft.server.MinecraftServer/]: Can't keep up! Is the server overloaded? Running 2023ms or 40 ticks behind
[17Sep2022 15:47:24.251] [Server thread/INFO] [net.minecraft.server.network.ServerGamePacketListenerImpl/]: MrOmap lost connection: Disconnected
[17Sep2022 15:47:24.253] [Server thread/INFO] [net.minecraft.server.dedicated.DedicatedServer/]: MrOmap left the game
[17Sep2022 15:50:51.081] [Server thread/WARN] [net.minecraft.server.MinecraftServer/]: Can't keep up! Is the server overloaded? Running 2027ms or 40 ticks behind
[17Sep2022 15:51:08.197] [Server thread/INFO] [net.minecraftforge.common.AdvancementLoadFix/]: Using new advancement loading for net.minecraft.server.PlayerAdvancements@d738114
[17Sep2022 15:51:08.224] [Server thread/INFO] [net.minecraft.server.players.PlayerList/]: MrOmap[/37.215.103.47:52822] logged in with entity id 118359 at (-9.550594178856146, 74.0, -61.53997169997926)
[17Sep2022 15:51:08.226] [Server thread/INFO] [ModdingLegacy/blue_skies/]: Sending ToolHandleTypeManager to MrOmap
[17Sep2022 15:51:08.226] [Server thread/INFO] [ModdingLegacy/blue_skies/]: Sending SnowcapOvenFreezingManager to MrOmap
[17Sep2022 15:51:08.227] [Server thread/INFO] [ModdingLegacy/blue_skies/]: Sending HorizoniteForgeFuelManager to MrOmap
[17Sep2022 15:51:08.227] [Server thread/INFO] [ModdingLegacy/blue_skies/]: Sending AlchemyRecipeManager to MrOmap
[17Sep2022 15:51:08.228] [Server thread/INFO] [ModdingLegacy/blue_skies/]: Sending JournalEntryManager to MrOmap
[17Sep2022 15:51:08.231] [Server thread/INFO] [ModdingLegacy/blue_skies/]: Sending JournalSectionManager to MrOmap
[17Sep2022 15:51:08.231] [Server thread/INFO] [ModdingLegacy/blue_skies/]: Sending JournalRequirementManager to MrOmap
[17Sep2022 15:51:08.266] [Server thread/INFO] [net.minecraft.server.dedicated.DedicatedServer/]: MrOmap joined the game
[17Sep2022 15:51:08.288] [Server thread/INFO] [Waila/]: Syncing config to MrOmap (705cc4fd-7db5-3553-afa0-82defbc45fc7)
[17Sep2022 15:51:17.912] [Server thread/WARN] [net.minecraft.server.MinecraftServer/]: Can't keep up! Is the server overloaded? Running 2008ms or 40 ticks behind
[17Sep2022 15:52:09.120] [Server thread/WARN] [net.minecraft.server.MinecraftServer/]: Can't keep up! Is the server overloaded? Running 2016ms or 40 ticks behind
[17Sep2022 15:52:34.370] [Server thread/WARN] [net.minecraft.server.MinecraftServer/]: Can't keep up! Is the server overloaded? Running 2016ms or 40 ticks behind
[17Sep2022 15:52:53.633] [Server thread/WARN] [net.minecraft.server.MinecraftServer/]: Can't keep up! Is the server overloaded? Running 2229ms or 44 ticks behind
[17Sep2022 15:53:21.171] [Server thread/WARN] [net.minecraft.server.MinecraftServer/]: Can't keep up! Is the server overloaded? Running 2017ms or 40 ticks behind
[17Sep2022 15:53:47.809] [Server thread/WARN] [net.minecraft.server.MinecraftServer/]: Can't keep up! Is the server overloaded? Running 2005ms or 40 ticks behind
[17Sep2022 15:54:04.933] [Server thread/WARN] [net.minecraft.server.MinecraftServer/]: Can't keep up! Is the server overloaded? Running 2129ms or 42 ticks behind
[17Sep2022 15:54:23.664] [Server thread/WARN] [net.minecraft.server.MinecraftServer/]: Can't keep up! Is the server overloaded? Running 2010ms or 40 ticks behind
[17Sep2022 15:54:40.843] [Server thread/WARN] [net.minecraft.server.MinecraftServer/]: Can't keep up! Is the server overloaded? Running 2190ms or 43 ticks behind
[17Sep2022 15:54:58.274] [Server thread/WARN] [net.minecraft.server.MinecraftServer/]: Can't keep up! Is the server overloaded? Running 2471ms or 49 ticks behind
[17Sep2022 15:55:13.454] [Server thread/INFO] [net.minecraft.server.dedicated.DedicatedServer/]: <KiritosDesu> какой же топор кайфовый
[17Sep2022 15:55:18.394] [Server thread/INFO] [net.minecraft.server.dedicated.DedicatedServer/]: <KiritosDesu> тупо 6 стаков дерева за минуты 3
[17Sep2022 15:55:19.857] [Server thread/WARN] [net.minecraft.server.MinecraftServer/]: Can't keep up! Is the server overloaded? Running 2003ms or 40 ticks behind
[17Sep2022 15:55:24.910] [Server thread/WARN] [net.minecraft.server.level.ServerEntity/]: Fetching packet for removed entity EntityCitizen['Collins B. Hampden'/13284, l='ServerWorld minecraft:overworld world', x=73.50, y=64.00, z=321.50, removed=DISCARDED]
[17Sep2022 15:55:46.748] [Server thread/WARN] [net.minecraft.server.MinecraftServer/]: Can't keep up! Is the server overloaded? Running 2044ms or 40 ticks behind
[17Sep2022 15:56:05.732] [Server thread/WARN] [net.minecraft.server.MinecraftServer/]: Can't keep up! Is the server overloaded? Running 4028ms or 80 ticks behind
[17Sep2022 15:56:26.113] [Server thread/WARN] [net.minecraft.server.MinecraftServer/]: Can't keep up! Is the server overloaded? Running 2009ms or 40 ticks behind
[17Sep2022 15:56:30.728] [Server thread/INFO] [net.minecraft.server.dedicated.DedicatedServer/]: <MrOmap> ломай ломай
[17Sep2022 15:56:54.446] [Server thread/INFO] [net.minecraft.server.dedicated.DedicatedServer/]: <KiritosDesu> у него правда почему-то урона больше чем у меча
[17Sep2022 15:56:58.962] [Server thread/WARN] [net.minecraft.server.MinecraftServer/]: Can't keep up! Is the server overloaded? Running 2008ms or 40 ticks behind
[17Sep2022 15:57:19.956] [Server thread/WARN] [net.minecraft.server.MinecraftServer/]: Can't keep up! Is the server overloaded? Running 2002ms or 40 ticks behind
[17Sep2022 15:57:40.569] [Server thread/WARN] [net.minecraft.server.MinecraftServer/]: Can't keep up! Is the server overloaded? Running 2016ms or 40 ticks behind
[17Sep2022 15:57:49.001] [Server thread/INFO] [net.minecraft.server.dedicated.DedicatedServer/]: [MrOmap: Set the time to 1000]
[17Sep2022 15:57:59.606] [Server thread/WARN] [net.minecraft.server.MinecraftServer/]: Can't keep up! Is the server overloaded? Running 2003ms or 40 ticks behind
[17Sep2022 15:58:27.009] [Server thread/WARN] [net.minecraft.server.MinecraftServer/]: Can't keep up! Is the server overloaded? Running 2005ms or 40 ticks behind
[17Sep2022 15:58:57.357] [Server thread/WARN] [net.minecraft.server.MinecraftServer/]: Can't keep up! Is the server overloaded? Running 2003ms or 40 ticks behind
[17Sep2022 15:59:46.209] [Server thread/WARN] [net.minecraft.server.MinecraftServer/]: Can't keep up! Is the server overloaded? Running 2005ms or 40 ticks behind
[17Sep2022 16:00:10.395] [Server thread/WARN] [net.minecraft.server.MinecraftServer/]: Can't keep up! Is the server overloaded? Running 2092ms or 41 ticks behind
[17Sep2022 16:01:49.061] [Server thread/WARN] [net.minecraft.server.MinecraftServer/]: Can't keep up! Is the server overloaded? Running 2007ms or 40 ticks behind
[17Sep2022 16:02:28.869] [Server thread/WARN] [net.minecraft.server.MinecraftServer/]: Can't keep up! Is the server overloaded? Running 2016ms or 40 ticks behind
[17Sep2022 16:03:21.718] [Server thread/WARN] [net.minecraft.server.MinecraftServer/]: Can't keep up! Is the server overloaded? Running 2014ms or 40 ticks behind
[17Sep2022 16:03:42.964] [Server thread/WARN] [net.minecraft.server.MinecraftServer/]: Can't keep up! Is the server overloaded? Running 2011ms or 40 ticks behind
[17Sep2022 16:04:57.978] [Server thread/WARN] [net.minecraft.server.MinecraftServer/]: Can't keep up! Is the server overloaded? Running 2024ms or 40 ticks behind
[17Sep2022 16:06:03.915] [Server thread/WARN] [net.minecraft.server.MinecraftServer/]: Can't keep up! Is the server overloaded? Running 2011ms or 40 ticks behind
[17Sep2022 16:07:32.331] [Server thread/INFO] [net.minecraft.server.dedicated.DedicatedServer/]: [MrOmap: Set the time to 1000]
[17Sep2022 16:07:41.059] [Server thread/WARN] [net.minecraft.server.MinecraftServer/]: Can't keep up! Is the server overloaded? Running 2005ms or 40 ticks behind
[17Sep2022 16:08:27.920] [Server thread/WARN] [net.minecraft.server.MinecraftServer/]: Can't keep up! Is the server overloaded? Running 2016ms or 40 ticks behind
[17Sep2022 16:08:54.656] [Server thread/WARN] [net.minecraft.server.MinecraftServer/]: Can't keep up! Is the server overloaded? Running 2003ms or 40 ticks behind
[17Sep2022 16:09:39.918] [Server thread/WARN] [net.minecraft.server.MinecraftServer/]: Can't keep up! Is the server overloaded? Running 2014ms or 40 ticks behind
[17Sep2022 16:10:21.261] [Server thread/WARN] [net.minecraft.server.MinecraftServer/]: Can't keep up! Is the server overloaded? Running 2007ms or 40 ticks behind
[17Sep2022 16:12:02.310] [Server thread/WARN] [net.minecraft.server.MinecraftServer/]: Can't keep up! Is the server overloaded? Running 2006ms or 40 ticks behind
[17Sep2022 16:12:55.156] [Server thread/WARN] [net.minecraft.server.MinecraftServer/]: Can't keep up! Is the server overloaded? Running 2002ms or 40 ticks behind
[17Sep2022 16:13:25.057] [Server thread/WARN] [net.minecraft.server.MinecraftServer/]: Can't keep up! Is the server overloaded? Running 2003ms or 40 ticks behind
[17Sep2022 16:14:00.162] [Server thread/WARN] [net.minecraft.server.MinecraftServer/]: Can't keep up! Is the server overloaded? Running 2009ms or 40 ticks behind
[17Sep2022 16:14:35.806] [Server thread/WARN] [net.minecraft.server.MinecraftServer/]: Can't keep up! Is the server overloaded? Running 2002ms or 40 ticks behind
[17Sep2022 16:15:20.074] [Server thread/WARN] [net.minecraft.server.MinecraftServer/]: Can't keep up! Is the server overloaded? Running 2020ms or 40 ticks behind
[17Sep2022 16:15:50.317] [Server thread/WARN] [net.minecraft.server.MinecraftServer/]: Can't keep up! Is the server overloaded? Running 2013ms or 40 ticks behind
[17Sep2022 16:16:19.466] [Server thread/WARN] [net.minecraft.server.MinecraftServer/]: Can't keep up! Is the server overloaded? Running 2012ms or 40 ticks behind
[17Sep2022 16:16:40.459] [Server thread/WARN] [net.minecraft.server.MinecraftServer/]: Can't keep up! Is the server overloaded? Running 2005ms or 40 ticks behind
[17Sep2022 16:17:10.054] [Server thread/INFO] [net.minecraft.server.dedicated.DedicatedServer/]: [MrOmap: Set the time to 1000]
[17Sep2022 16:17:39.419] [Server thread/WARN] [net.minecraft.server.MinecraftServer/]: Can't keep up! Is the server overloaded? Running 2015ms or 40 ticks behind
[17Sep2022 16:18:03.981] [Server thread/WARN] [net.minecraft.server.MinecraftServer/]: Can't keep up! Is the server overloaded? Running 2028ms or 40 ticks behind
[17Sep2022 16:18:38.055] [Server thread/WARN] [net.minecraft.server.MinecraftServer/]: Can't keep up! Is the server overloaded? Running 2001ms or 40 ticks behind
[17Sep2022 16:19:01.858] [Server thread/WARN] [net.minecraft.server.MinecraftServer/]: Can't keep up! Is the server overloaded? Running 2004ms or 40 ticks behind
[17Sep2022 16:20:19.268] [Server thread/WARN] [net.minecraft.server.MinecraftServer/]: Can't keep up! Is the server overloaded? Running 2014ms or 40 ticks behind
[17Sep2022 16:21:04.505] [Server thread/WARN] [net.minecraft.server.MinecraftServer/]: Can't keep up! Is the server overloaded? Running 2001ms or 40 ticks behind
[17Sep2022 16:21:50.758] [Server thread/WARN] [net.minecraft.server.MinecraftServer/]: Can't keep up! Is the server overloaded? Running 2004ms or 40 ticks behind
[17Sep2022 16:22:08.522] [Server thread/WARN] [net.minecraft.server.MinecraftServer/]: Can't keep up! Is the server overloaded? Running 2768ms or 55 ticks behind
[17Sep2022 16:22:40.012] [Server thread/WARN] [net.minecraft.server.MinecraftServer/]: Can't keep up! Is the server overloaded? Running 2009ms or 40 ticks behind
[17Sep2022 16:23:16.383] [Server thread/WARN] [net.minecraft.server.MinecraftServer/]: Can't keep up! Is the server overloaded? Running 2029ms or 40 ticks behind
[17Sep2022 16:23:40.058] [Server thread/WARN] [net.minecraft.server.MinecraftServer/]: Can't keep up! Is the server overloaded? Running 2004ms or 40 ticks behind
[17Sep2022 16:23:57.401] [Server thread/WARN] [net.minecraft.server.MinecraftServer/]: Can't keep up! Is the server overloaded? Running 2347ms or 46 ticks behind
[17Sep2022 16:24:39.456] [Server thread/WARN] [net.minecraft.server.MinecraftServer/]: Can't keep up! Is the server overloaded? Running 2052ms or 41 ticks behind
[17Sep2022 16:25:11.658] [Server thread/WARN] [net.minecraft.server.MinecraftServer/]: Can't keep up! Is the server overloaded? Running 2004ms or 40 ticks behind
[17Sep2022 16:25:58.227] [Server thread/WARN] [net.minecraft.server.MinecraftServer/]: Can't keep up! Is the server overloaded? Running 2024ms or 40 ticks behind
[17Sep2022 16:26:53.956] [Server thread/WARN] [net.minecraft.server.MinecraftServer/]: Can't keep up! Is the server overloaded? Running 2002ms or 40 ticks behind
[17Sep2022 16:27:24.862] [Server thread/WARN] [net.minecraft.server.MinecraftServer/]: Can't keep up! Is the server overloaded? Running 2008ms or 40 ticks behind
[17Sep2022 16:28:17.763] [Server thread/WARN] [net.minecraft.server.MinecraftServer/]: Can't keep up! Is the server overloaded? Running 2010ms or 40 ticks behind
[17Sep2022 16:29:51.768] [Server thread/WARN] [net.minecraft.server.MinecraftServer/]: Can't keep up! Is the server overloaded? Running 2314ms or 46 ticks behind
[17Sep2022 16:30:09.955] [Server thread/WARN] [net.minecraft.server.MinecraftServer/]: Can't keep up! Is the server overloaded? Running 2001ms or 40 ticks behind
[17Sep2022 16:30:27.460] [Server thread/WARN] [net.minecraft.server.MinecraftServer/]: Can't keep up! Is the server overloaded? Running 2007ms or 40 ticks behind
[17Sep2022 16:30:44.521] [Server thread/WARN] [net.minecraft.server.MinecraftServer/]: Can't keep up! Is the server overloaded? Running 2068ms or 41 ticks behind
[17Sep2022 16:31:15.612] [Server thread/WARN] [net.minecraft.server.MinecraftServer/]: Can't keep up! Is the server overloaded? Running 2008ms or 40 ticks behind
[17Sep2022 16:31:47.362] [Server thread/WARN] [net.minecraft.server.MinecraftServer/]: Can't keep up! Is the server overloaded? Running 2009ms or 40 ticks behind
[17Sep2022 16:32:39.454] [Server thread/WARN] [net.minecraft.server.MinecraftServer/]: Can't keep up! Is the server overloaded? Running 2001ms or 40 ticks behind
[17Sep2022 16:33:05.458] [Server thread/WARN] [net.minecraft.server.MinecraftServer/]: Can't keep up! Is the server overloaded? Running 2005ms or 40 ticks behind
[17Sep2022 16:33:23.050] [Server thread/WARN] [net.minecraft.server.MinecraftServer/]: Can't keep up! Is the server overloaded? Running 2596ms or 51 ticks behind
[17Sep2022 16:34:04.559] [Server thread/WARN] [net.minecraft.server.MinecraftServer/]: Can't keep up! Is the server overloaded? Running 2056ms or 41 ticks behind
[17Sep2022 16:34:49.961] [Server thread/WARN] [net.minecraft.server.MinecraftServer/]: Can't keep up! Is the server overloaded? Running 2008ms or 40 ticks behind
[17Sep2022 16:35:09.812] [Server thread/WARN] [net.minecraft.server.MinecraftServer/]: Can't keep up! Is the server overloaded? Running 2008ms or 40 ticks behind
[17Sep2022 16:35:29.759] [Server thread/WARN] [net.minecraft.server.MinecraftServer/]: Can't keep up! Is the server overloaded? Running 2006ms or 40 ticks behind
[17Sep2022 16:35:58.157] [Server thread/WARN] [net.minecraft.server.MinecraftServer/]: Can't keep up! Is the server overloaded? Running 2004ms or 40 ticks behind
[17Sep2022 16:36:58.062] [Server thread/WARN] [net.minecraft.server.MinecraftServer/]: Can't keep up! Is the server overloaded? Running 2008ms or 40 ticks behind
[17Sep2022 16:37:19.017] [Server thread/WARN] [net.minecraft.server.MinecraftServer/]: Can't keep up! Is the server overloaded? Running 2013ms or 40 ticks behind
[17Sep2022 16:38:02.871] [Server thread/WARN] [net.minecraft.server.MinecraftServer/]: Can't keep up! Is the server overloaded? Running 2017ms or 40 ticks behind
[17Sep2022 16:38:24.206] [Server thread/WARN] [net.minecraft.server.MinecraftServer/]: Can't keep up! Is the server overloaded? Running 2002ms or 40 ticks behind
[17Sep2022 16:38:36.907] [Server thread/INFO] [net.minecraft.server.dedicated.DedicatedServer/]: [MrOmap: Set the time to 1000]
[17Sep2022 16:38:56.356] [Server thread/WARN] [net.minecraft.server.MinecraftServer/]: Can't keep up! Is the server overloaded? Running 2002ms or 40 ticks behind
[17Sep2022 16:39:15.566] [Server thread/WARN] [net.minecraft.server.MinecraftServer/]: Can't keep up! Is the server overloaded? Running 2012ms or 40 ticks behind
[17Sep2022 16:39:33.168] [Server thread/WARN] [net.minecraft.server.MinecraftServer/]: Can't keep up! Is the server overloaded? Running 2614ms or 52 ticks behind
[17Sep2022 16:39:55.463] [Server thread/WARN] [net.minecraft.server.MinecraftServer/]: Can't keep up! Is the server overloaded? Running 2009ms or 40 ticks behind
[17Sep2022 16:40:13.767] [Server thread/WARN] [net.minecraft.server.MinecraftServer/]: Can't keep up! Is the server overloaded? Running 3313ms or 66 ticks behind
[17Sep2022 16:40:30.864] [Server thread/WARN] [net.minecraft.server.MinecraftServer/]: Can't keep up! Is the server overloaded? Running 2110ms or 42 ticks behind
[17Sep2022 16:40:49.459] [Server thread/WARN] [net.minecraft.server.MinecraftServer/]: Can't keep up! Is the server overloaded? Running 2003ms or 40 ticks behind
[17Sep2022 16:41:33.011] [Server thread/WARN] [net.minecraft.server.MinecraftServer/]: Can't keep up! Is the server overloaded? Running 2007ms or 40 ticks behind
[17Sep2022 16:41:50.095] [Server thread/WARN] [net.minecraft.server.MinecraftServer/]: Can't keep up! Is the server overloaded? Running 2092ms or 41 ticks behind
[17Sep2022 16:42:36.144] [Server thread/WARN] [net.minecraft.server.MinecraftServer/]: Can't keep up! Is the server overloaded? Running 2022ms or 40 ticks behind
[17Sep2022 16:43:16.037] [Server thread/INFO] [net.minecraft.server.network.ServerGamePacketListenerImpl/]: KiritosDesu lost connection: Disconnected
[17Sep2022 16:43:16.039] [Server thread/INFO] [net.minecraft.server.dedicated.DedicatedServer/]: KiritosDesu left the game
[17Sep2022 16:43:23.752] [Server thread/INFO] [net.minecraftforge.common.AdvancementLoadFix/]: Using new advancement loading for net.minecraft.server.PlayerAdvancements@65900376
[17Sep2022 16:43:23.775] [Server thread/INFO] [net.minecraft.server.players.PlayerList/]: KiritosDesu[/95.160.159.44:21697] logged in with entity id 135840 at (90.4218450648074, 63.0, 302.6026125390003)
[17Sep2022 16:43:23.777] [Server thread/INFO] [ModdingLegacy/blue_skies/]: Sending ToolHandleTypeManager to KiritosDesu
[17Sep2022 16:43:23.777] [Server thread/INFO] [ModdingLegacy/blue_skies/]: Sending SnowcapOvenFreezingManager to KiritosDesu
[17Sep2022 16:43:23.778] [Server thread/INFO] [ModdingLegacy/blue_skies/]: Sending HorizoniteForgeFuelManager to KiritosDesu
[17Sep2022 16:43:23.778] [Server thread/INFO] [ModdingLegacy/blue_skies/]: Sending AlchemyRecipeManager to KiritosDesu
[17Sep2022 16:43:23.779] [Server thread/INFO] [ModdingLegacy/blue_skies/]: Sending JournalEntryManager to KiritosDesu
[17Sep2022 16:43:23.780] [Server thread/INFO] [ModdingLegacy/blue_skies/]: Sending JournalSectionManager to KiritosDesu
[17Sep2022 16:43:23.781] [Server thread/INFO] [ModdingLegacy/blue_skies/]: Sending JournalRequirementManager to KiritosDesu
[17Sep2022 16:43:23.800] [Server thread/INFO] [net.minecraft.server.dedicated.DedicatedServer/]: KiritosDesu joined the game
[17Sep2022 16:43:23.818] [Server thread/INFO] [Waila/]: Syncing config to KiritosDesu (a47396e5-d5e8-35a3-8f46-7e73c8ad4653)
[17Sep2022 16:43:24.012] [Server thread/WARN] [net.minecraft.server.level.ServerEntity/]: Fetching packet for removed entity EntityCitizen['Collins B. Hampden'/13284, l='ServerWorld minecraft:overworld world', x=73.50, y=64.00, z=321.50, removed=DISCARDED]
[17Sep2022 16:43:45.322] [Server thread/WARN] [net.minecraft.server.MinecraftServer/]: Can't keep up! Is the server overloaded? Running 2018ms or 40 ticks behind
[17Sep2022 16:43:59.674] [Server thread/INFO] [net.minecraft.server.network.ServerGamePacketListenerImpl/]: MrOmap lost connection: Disconnected
[17Sep2022 16:43:59.675] [Server thread/INFO] [net.minecraft.server.dedicated.DedicatedServer/]: MrOmap left the game
[17Sep2022 16:43:59.713] [Server thread/ERROR] [net.minecraft.stats.ServerRecipeBook/]: Tried to load unrecognized recipe: dynamictrees:minecraft_spruce_sapling_to_spruce_seed removed now.
[17Sep2022 16:43:59.714] [Server thread/ERROR] [net.minecraft.stats.ServerRecipeBook/]: Tried to load unrecognized recipe: dynamictrees:minecraft_spruce_sapling_to_spruce_seed removed now.
[17Sep2022 16:43:59.715] [Server thread/INFO] [net.minecraft.server.players.PlayerList/]: MrOmap[/178.125.71.104:53379] logged in with entity id 136140 at (-16.02163173495796, 72.0, -68.84426457494747)
[17Sep2022 16:43:59.717] [Server thread/INFO] [ModdingLegacy/blue_skies/]: Sending ToolHandleTypeManager to MrOmap
[17Sep2022 16:43:59.717] [Server thread/INFO] [ModdingLegacy/blue_skies/]: Sending SnowcapOvenFreezingManager to MrOmap
[17Sep2022 16:43:59.718] [Server thread/INFO] [ModdingLegacy/blue_skies/]: Sending HorizoniteForgeFuelManager to MrOmap
[17Sep2022 16:43:59.718] [Server thread/INFO] [ModdingLegacy/blue_skies/]: Sending AlchemyRecipeManager to MrOmap
[17Sep2022 16:43:59.720] [Server thread/INFO] [ModdingLegacy/blue_skies/]: Sending JournalEntryManager to MrOmap
[17Sep2022 16:43:59.723] [Server thread/INFO] [ModdingLegacy/blue_skies/]: Sending JournalSectionManager to MrOmap
[17Sep2022 16:43:59.723] [Server thread/INFO] [ModdingLegacy/blue_skies/]: Sending JournalRequirementManager to MrOmap
[17Sep2022 16:43:59.779] [Server thread/INFO] [net.minecraft.server.dedicated.DedicatedServer/]: MrOmap joined the game
[17Sep2022 16:43:59.785] [Server thread/INFO] [Waila/]: Syncing config to MrOmap (705cc4fd-7db5-3553-afa0-82defbc45fc7)
[17Sep2022 16:44:02.527] [Server thread/WARN] [net.minecraft.server.MinecraftServer/]: Can't keep up! Is the server overloaded? Running 2224ms or 44 ticks behind
[17Sep2022 16:45:09.934] [Server thread/WARN] [net.minecraft.server.MinecraftServer/]: Can't keep up! Is the server overloaded? Running 2130ms or 42 ticks behind
[17Sep2022 16:46:02.259] [Server thread/WARN] [net.minecraft.server.MinecraftServer/]: Can't keep up! Is the server overloaded? Running 2006ms or 40 ticks behind
[17Sep2022 16:47:20.568] [Server thread/WARN] [net.minecraft.server.MinecraftServer/]: Can't keep up! Is the server overloaded? Running 2164ms or 43 ticks behind
[17Sep2022 16:50:39.567] [Server thread/WARN] [net.minecraft.server.level.ServerPlayerGameMode/]: Mismatch in destroy block pos: BlockPos{x=102, y=63, z=299} BlockPos{x=102, y=62, z=300}
[17Sep2022 16:51:02.018] [Server thread/WARN] [net.minecraft.server.MinecraftServer/]: Can't keep up! Is the server overloaded? Running 2015ms or 40 ticks behind
[17Sep2022 16:53:18.882] [Server thread/WARN] [net.minecraft.server.MinecraftServer/]: Can't keep up! Is the server overloaded? Running 2028ms or 40 ticks behind
[17Sep2022 16:53:42.916] [Server thread/INFO] [minecolonies/]: Colony 2 - new AbstractBuilding for class net.minecraft.world.level.block.state.BlockState at BlockPos{x=120, y=67, z=334}
[17Sep2022 16:56:11.910] [Server thread/WARN] [net.minecraft.server.MinecraftServer/]: Can't keep up! Is the server overloaded? Running 2006ms or 40 ticks behind
[17Sep2022 16:56:19.776] [Server thread/INFO] [net.minecraft.server.dedicated.DedicatedServer/]: [MrOmap: Set the weather to clear]
[17Sep2022 16:56:29.438] [Server thread/WARN] [net.minecraft.server.MinecraftServer/]: Can't keep up! Is the server overloaded? Running 2085ms or 41 ticks behind
[17Sep2022 16:56:46.518] [Server thread/WARN] [net.minecraft.server.MinecraftServer/]: Can't keep up! Is the server overloaded? Running 2115ms or 42 ticks behind
[17Sep2022 16:56:47.392] [Server thread/INFO] [minecolonies/]: Colony 2 - new AbstractBuilding for class net.minecraft.world.level.block.state.BlockState at BlockPos{x=84, y=62, z=283}
[17Sep2022 16:57:03.932] [Server thread/WARN] [net.minecraft.server.MinecraftServer/]: Can't keep up! Is the server overloaded? Running 2428ms or 48 ticks behind
[17Sep2022 16:57:25.115] [Server thread/INFO] [net.minecraft.server.dedicated.DedicatedServer/]: <KiritosDesu> лан я гулять
[17Sep2022 16:57:28.909] [Server thread/INFO] [net.minecraft.server.dedicated.DedicatedServer/]: <KiritosDesu> до вечера сынок
[17Sep2022 16:57:30.859] [Server thread/WARN] [net.minecraft.server.MinecraftServer/]: Can't keep up! Is the server overloaded? Running 2005ms or 40 ticks behind
[17Sep2022 16:57:37.635] [Server thread/INFO] [net.minecraft.server.dedicated.DedicatedServer/]: <MrOmap> давай
[17Sep2022 16:57:42.584] [Server thread/INFO] [net.minecraft.server.network.ServerGamePacketListenerImpl/]: KiritosDesu lost connection: Disconnected
[17Sep2022 16:57:42.585] [Server thread/INFO] [net.minecraft.server.dedicated.DedicatedServer/]: KiritosDesu left the game
[17Sep2022 17:01:33.343] [Server thread/INFO] [net.minecraft.server.dedicated.DedicatedServer/]: [MrOmap: Set the weather to clear]
[17Sep2022 17:06:37.384] [Server thread/INFO] [net.minecraft.server.dedicated.DedicatedServer/]: [MrOmap: Set the weather to clear]
[17Sep2022 17:11:37.948] [Server thread/INFO] [net.minecraft.server.dedicated.DedicatedServer/]: [MrOmap: Set the time to 1000]
[17Sep2022 17:11:44.491] [Server thread/INFO] [net.minecraft.server.dedicated.DedicatedServer/]: [MrOmap: Set the weather to clear]
[17Sep2022 17:17:20.191] [Server thread/INFO] [net.minecraft.server.dedicated.DedicatedServer/]: [MrOmap: Set the weather to clear]
[17Sep2022 17:21:39.593] [Server thread/INFO] [net.minecraft.server.dedicated.DedicatedServer/]: [MrOmap: Set the weather to rain]
[17Sep2022 17:39:33.106] [Server thread/INFO] [net.minecraft.server.dedicated.DedicatedServer/]: [MrOmap: Set the time to 1000]
[17Sep2022 17:48:29.336] [Server thread/INFO] [net.minecraft.server.dedicated.DedicatedServer/]: [MrOmap: Set the time to 1000]
[17Sep2022 17:52:35.494] [Server thread/WARN] [net.minecraft.server.level.ServerEntity/]: Fetching packet for removed entity EntityCitizen['Collins B. Hampden'/13284, l='ServerWorld minecraft:overworld world', x=73.50, y=64.00, z=321.50, removed=DISCARDED]
[17Sep2022 18:08:47.846] [Server thread/INFO] [net.minecraft.server.dedicated.DedicatedServer/]: [MrOmap: Set the time to 1000]
[17Sep2022 18:18:42.983] [Server thread/INFO] [net.minecraft.server.network.ServerGamePacketListenerImpl/]: MrOmap lost connection: Disconnected
[17Sep2022 18:18:42.984] [Server thread/INFO] [net.minecraft.server.dedicated.DedicatedServer/]: MrOmap left the game
